05-04-2023 17:53:01.706,-,API,"XBEE_LOCAL ,0013A2004208FCCA,XBee SX 868,A00B,COM9 - 38400/8/N/2/N,13,69"

05-04-2023 17:53:19.289,0,SENT,7E000F17010013A2004208FCCDFFFE0244429A
05-04-2023 17:53:19.456,1,RECV,7E001097010013A2004208FCCDFFFE44420038E4
05-04-2023 17:53:19.799,2,SENT,7E000F17010013A2004208FCCDFFFE0244429A
05-04-2023 17:53:19.954,3,RECV,7E001097010013A2004208FCCDFFFE44420038E4
05-04-2023 17:53:20.312,4,SENT,7E000F17010013A2004208FCCDFFFE0244429A
05-04-2023 17:53:20.452,5,RECV,7E001097010013A2004208FCCDFFFE44420038E4
05-04-2023 17:53:20.828,6,SENT,7E000F17010013A2004208FCCDFFFE0244429A
05-04-2023 17:53:21.014,7,RECV,7E001097010013A2004208FCCDFFFE44420038E4
05-04-2023 17:53:21.342,8,SENT,7E000F17010013A2004208FCCDFFFE0244429A
05-04-2023 17:53:21.514,9,RECV,7E001097010013A2004208FCCDFFFE44420038E4
05-04-2023 17:53:21.843,10,SENT,7E000F17010013A2004208FCCDFFFE0244429A
05-04-2023 17:53:22.021,11,RECV,7E001097010013A2004208FCCDFFFE44420038E4
05-04-2023 17:53:22.345,12,SENT,7E000F17010013A2004208FCCDFFFE0244429A
05-04-2023 17:53:22.518,13,RECV,7E001097010013A2004208FCCDFFFE44420039E3
05-04-2023 17:53:22.848,14,SENT,7E000F17010013A2004208FCCDFFFE0244429A
05-04-2023 17:53:23.016,15,RECV,7E001097010013A2004208FCCDFFFE44420038E4
05-04-2023 17:53:23.361,16,SENT,7E000F17010013A2004208FCCDFFFE0244429A
05-04-2023 17:53:23.517,17,RECV,7E001097010013A2004208FCCDFFFE44420038E4
05-04-2023 17:53:23.863,18,SENT,7E000F17010013A2004208FCCDFFFE0244429A
05-04-2023 17:53:24.017,19,RECV,7E001097010013A2004208FCCDFFFE44420038E4
05-04-2023 17:53:24.379,20,SENT,7E000F17010013A2004208FCCDFFFE0244429A
05-04-2023 17:53:24.518,21,RECV,7E001097010013A2004208FCCDFFFE44420038E4
05-04-2023 17:53:24.894,22,SENT,7E000F17010013A2004208FCCDFFFE0244429A
05-04-2023 17:53:25.033,23,RECV,7E001097010013A2004208FCCDFFFE44420038E4
05-04-2023 17:53:25.409,24,SENT,7E000F17010013A2004208FCCDFFFE0244429A
05-04-2023 17:53:25.580,25,RECV,7E001097010013A2004208FCCDFFFE44420038E4
05-04-2023 17:53:25.925,26,SENT,7E000F17010013A2004208FCCDFFFE0244429A
05-04-2023 17:53:26.080,27,RECV,7E001097010013A2004208FCCDFFFE44420038E4
05-04-2023 17:53:26.428,28,SENT,7E000F17010013A2004208FCCDFFFE0244429A
05-04-2023 17:53:26.584,29,RECV,7E001097010013A2004208FCCDFFFE44420037E5
05-04-2023 17:53:26.944,30,SENT,7E000F17010013A2004208FCCDFFFE0244429A
05-04-2023 17:53:27.083,31,RECV,7E001097010013A2004208FCCDFFFE44420038E4
05-04-2023 17:53:27.460,32,SENT,7E000F17010013A2004208FCCDFFFE0244429A
05-04-2023 17:53:27.583,33,RECV,7E001097010013A2004208FCCDFFFE44420037E5
05-04-2023 17:53:27.974,34,SENT,7E000F17010013A2004208FCCDFFFE0244429A
05-04-2023 17:53:28.145,35,RECV,7E001097010013A2004208FCCDFFFE44420038E4
05-04-2023 17:53:28.476,36,SENT,7E000F17010013A2004208FCCDFFFE0244429A
05-04-2023 17:53:28.644,37,RECV,7E001097010013A2004208FCCDFFFE44420038E4
05-04-2023 17:53:28.988,38,SENT,7E000F17010013A2004208FCCDFFFE0244429A
05-04-2023 17:53:29.145,39,RECV,7E001097010013A2004208FCCDFFFE44420038E4
05-04-2023 17:53:29.490,40,SENT,7E000F17010013A2004208FCCDFFFE0244429A
05-04-2023 17:53:29.647,41,RECV,7E001097010013A2004208FCCDFFFE44420037E5
05-04-2023 17:53:30.005,42,SENT,7E000F17010013A2004208FCCDFFFE0244429A
05-04-2023 17:53:30.146,43,RECV,7E001097010013A2004208FCCDFFFE44420038E4
05-04-2023 17:53:30.506,44,SENT,7E000F17010013A2004208FCCDFFFE0244429A
05-04-2023 17:53:30.647,45,RECV,7E001097010013A2004208FCCDFFFE44420038E4
05-04-2023 17:53:31.009,46,SENT,7E000F17010013A2004208FCCDFFFE0244429A
05-04-2023 17:53:31.149,47,RECV,7E001097010013A2004208FCCDFFFE44420038E4
05-04-2023 17:53:31.524,48,SENT,7E000F17010013A2004208FCCDFFFE0244429A
05-04-2023 17:53:31.649,49,RECV,7E001097010013A2004208FCCDFFFE44420038E4
05-04-2023 17:53:32.041,50,SENT,7E000F17010013A2004208FCCDFFFE0244429A
05-04-2023 17:53:32.210,51,RECV,7E001097010013A2004208FCCDFFFE44420038E4
05-04-2023 17:53:32.555,52,SENT,7E000F17010013A2004208FCCDFFFE0244429A
05-04-2023 17:53:32.711,53,RECV,7E001097010013A2004208FCCDFFFE44420038E4
05-04-2023 17:53:33.057,54,SENT,7E000F17010013A2004208FCCDFFFE0244429A
05-04-2023 17:53:33.211,55,RECV,7E001097010013A2004208FCCDFFFE44420038E4
05-04-2023 17:53:33.573,56,SENT,7E000F17010013A2004208FCCDFFFE0244429A
05-04-2023 17:53:33.712,57,RECV,7E001097010013A2004208FCCDFFFE44420038E4
05-04-2023 17:53:34.086,58,SENT,7E000F17010013A2004208FCCDFFFE0244429A
05-04-2023 17:53:34.227,59,RECV,7E001097010013A2004208FCCDFFFE4442003AE2
05-04-2023 17:53:34.589,60,SENT,7E000F17010013A2004208FCCDFFFE0244429A
05-04-2023 17:53:34.775,61,RECV,7E001097010013A2004208FCCDFFFE4442003AE2
05-04-2023 17:53:35.105,62,SENT,7E000F17010013A2004208FCCDFFFE0244429A
05-04-2023 17:53:35.275,63,RECV,7E001097010013A2004208FCCDFFFE44420039E3
05-04-2023 17:53:35.607,64,SENT,7E000F17010013A2004208FCCDFFFE0244429A
05-04-2023 17:53:35.778,65,RECV,7E001097010013A2004208FCCDFFFE4442003BE1
05-04-2023 17:53:36.123,66,SENT,7E000F17010013A2004208FCCDFFFE0244429A
05-04-2023 17:53:36.276,67,RECV,7E001097010013A2004208FCCDFFFE4442003AE2
05-04-2023 17:53:36.638,68,SENT,7E000F17010013A2004208FCCDFFFE0244429A
05-04-2023 17:53:36.777,69,RECV,7E001097010013A2004208FCCDFFFE4442003AE2
05-04-2023 17:53:37.150,70,SENT,7E000F17010013A2004208FCCDFFFE0244429A
05-04-2023 17:53:37.275,71,RECV,7E001097010013A2004208FCCDFFFE4442003AE2
05-04-2023 17:53:37.653,72,SENT,7E000F17010013A2004208FCCDFFFE0244429A
05-04-2023 17:53:37.778,73,RECV,7E001097010013A2004208FCCDFFFE4442003AE2
05-04-2023 17:53:38.170,74,SENT,7E000F17010013A2004208FCCDFFFE0244429A
05-04-2023 17:53:38.339,75,RECV,7E001097010013A2004208FCCDFFFE4442003AE2
05-04-2023 17:53:38.686,76,SENT,7E000F17010013A2004208FCCDFFFE0244429A
05-04-2023 17:53:38.840,77,RECV,7E001097010013A2004208FCCDFFFE4442003AE2
05-04-2023 17:53:39.199,78,SENT,7E000F17010013A2004208FCCDFFFE0244429A
05-04-2023 17:53:39.339,79,RECV,7E001097010013A2004208FCCDFFFE4442003AE2
05-04-2023 17:53:39.700,80,SENT,7E000F17010013A2004208FCCDFFFE0244429A
05-04-2023 17:53:39.840,81,RECV,7E001097010013A2004208FCCDFFFE4442003AE2
05-04-2023 17:53:40.216,82,SENT,7E000F17010013A2004208FCCDFFFE0244429A
05-04-2023 17:53:40.356,83,RECV,7E001097010013A2004208FCCDFFFE4442003AE2
05-04-2023 17:53:40.719,84,SENT,7E000F17010013A2004208FCCDFFFE0244429A
05-04-2023 17:53:40.903,85,RECV,7E001097010013A2004208FCCDFFFE4442003AE2
05-04-2023 17:53:41.232,86,SENT,7E000F17010013A2004208FCCDFFFE0244429A
05-04-2023 17:53:41.403,87,RECV,7E001097010013A2004208FCCDFFFE4442003AE2
05-04-2023 17:53:41.733,88,SENT,7E000F17010013A2004208FCCDFFFE0244429A
05-04-2023 17:53:41.904,89,RECV,7E001097010013A2004208FCCDFFFE4442003AE2
05-04-2023 17:53:42.236,90,SENT,7E000F17010013A2004208FCCDFFFE0244429A
05-04-2023 17:53:42.409,91,RECV,7E001097010013A2004208FCCDFFFE44420039E3
05-04-2023 17:53:42.738,92,SENT,7E000F17010013A2004208FCCDFFFE0244429A
05-04-2023 17:53:42.909,93,RECV,7E001097010013A2004208FCCDFFFE44420038E4
05-04-2023 17:53:43.252,94,SENT,7E000F17010013A2004208FCCDFFFE0244429A
05-04-2023 17:53:43.407,95,RECV,7E001097010013A2004208FCCDFFFE44420038E4
05-04-2023 17:53:43.766,96,SENT,7E000F17010013A2004208FCCDFFFE0244429A
05-04-2023 17:53:43.904,97,RECV,7E001097010013A2004208FCCDFFFE44420039E3
05-04-2023 17:53:44.280,98,SENT,7E000F17010013A2004208FCCDFFFE0244429A
05-04-2023 17:53:44.403,99,RECV,7E001097010013A2004208FCCDFFFE44420039E3
05-04-2023 17:53:44.794,100,SENT,7E000F17010013A2004208FCCDFFFE0244429A
05-04-2023 17:53:44.966,101,RECV,7E001097010013A2004208FCCDFFFE44420039E3
05-04-2023 17:53:45.310,102,SENT,7E000F17010013A2004208FCCDFFFE0244429A
05-04-2023 17:53:45.468,103,RECV,7E001097010013A2004208FCCDFFFE44420038E4
05-04-2023 17:53:45.813,104,SENT,7E000F17010013A2004208FCCDFFFE0244429A
05-04-2023 17:53:45.967,105,RECV,7E001097010013A2004208FCCDFFFE44420038E4
05-04-2023 17:53:46.326,106,SENT,7E000F17010013A2004208FCCDFFFE0244429A
05-04-2023 17:53:46.465,107,RECV,7E001097010013A2004208FCCDFFFE44420037E5
05-04-2023 17:53:46.841,108,SENT,7E000F17010013A2004208FCCDFFFE0244429A
05-04-2023 17:53:46.979,109,RECV,7E001097010013A2004208FCCDFFFE44420038E4
05-04-2023 17:53:47.341,110,SENT,7E000F17010013A2004208FCCDFFFE0244429A
05-04-2023 17:53:47.528,111,RECV,7E001097010013A2004208FCCDFFFE44420037E5
05-04-2023 17:53:47.845,112,SENT,7E000F17010013A2004208FCCDFFFE0244429A
05-04-2023 17:53:47.972,113,RECV,7E001097010013A2004208FCCDFFFE44420039E3
05-04-2023 17:53:48.356,114,SENT,7E000F17010013A2004208FCCDFFFE0244429A
05-04-2023 17:53:48.484,115,RECV,7E001097010013A2004208FCCDFFFE44420037E5
05-04-2023 17:53:48.869,116,SENT,7E000F17010013A2004208FCCDFFFE0244429A
05-04-2023 17:53:49.011,117,RECV,7E001097010013A2004208FCCDFFFE44420037E5
05-04-2023 17:53:49.377,118,SENT,7E000F17010013A2004208FCCDFFFE0244429A
05-04-2023 17:53:49.502,119,RECV,7E001097010013A2004208FCCDFFFE44420038E4
05-04-2023 17:53:49.893,120,SENT,7E000F17010013A2004208FCCDFFFE0244429A
05-04-2023 17:53:50.063,121,RECV,7E001097010013A2004208FCCDFFFE44420038E4
05-04-2023 17:53:50.394,122,SENT,7E000F17010013A2004208FCCDFFFE0244429A
05-04-2023 17:53:50.564,123,RECV,7E001097010013A2004208FCCDFFFE44420038E4
05-04-2023 17:53:50.910,124,SENT,7E000F17010013A2004208FCCDFFFE0244429A
05-04-2023 17:53:51.066,125,RECV,7E001097010013A2004208FCCDFFFE44420038E4
05-04-2023 17:53:51.425,126,SENT,7E000F17010013A2004208FCCDFFFE0244429A
05-04-2023 17:53:51.565,127,RECV,7E001097010013A2004208FCCDFFFE44420038E4
05-04-2023 17:53:51.927,128,SENT,7E000F17010013A2004208FCCDFFFE0244429A
05-04-2023 17:53:52.067,129,RECV,7E001097010013A2004208FCCDFFFE44420039E3
05-04-2023 17:53:52.430,130,SENT,7E000F17010013A2004208FCCDFFFE0244429A
05-04-2023 17:53:52.569,131,RECV,7E001097010013A2004208FCCDFFFE44420038E4
05-04-2023 17:53:52.945,132,SENT,7E000F17010013A2004208FCCDFFFE0244429A
05-04-2023 17:53:53.131,133,RECV,7E001097010013A2004208FCCDFFFE44420038E4
05-04-2023 17:53:53.459,134,SENT,7E000F17010013A2004208FCCDFFFE0244429A
05-04-2023 17:53:53.631,135,RECV,7E001097010013A2004208FCCDFFFE44420038E4
05-04-2023 17:53:53.961,136,SENT,7E000F17010013A2004208FCCDFFFE0244429A
05-04-2023 17:53:54.132,137,RECV,7E001097010013A2004208FCCDFFFE44420037E5
05-04-2023 17:53:54.475,138,SENT,7E000F17010013A2004208FCCDFFFE0244429A
05-04-2023 17:53:54.631,139,RECV,7E001097010013A2004208FCCDFFFE44420037E5
05-04-2023 17:53:54.991,140,SENT,7E000F17010013A2004208FCCDFFFE0244429A
05-04-2023 17:53:55.132,141,RECV,7E001097010013A2004208FCCDFFFE44420038E4
05-04-2023 17:53:55.507,142,SENT,7E000F17010013A2004208FCCDFFFE0244429A
05-04-2023 17:53:55.631,143,RECV,7E001097010013A2004208FCCDFFFE44420037E5
05-04-2023 17:53:56.022,144,SENT,7E000F17010013A2004208FCCDFFFE0244429A
05-04-2023 17:53:56.191,145,RECV,7E001097010013A2004208FCCDFFFE44420037E5
05-04-2023 17:53:56.536,146,SENT,7E000F17010013A2004208FCCDFFFE0244429A
05-04-2023 17:53:56.690,147,RECV,7E001097010013A2004208FCCDFFFE44420038E4
05-04-2023 17:53:57.052,148,SENT,7E000F17010013A2004208FCCDFFFE0244429A
05-04-2023 17:53:57.191,149,RECV,7E001097010013A2004208FCCDFFFE44420038E4
05-04-2023 17:53:57.567,150,SENT,7E000F17010013A2004208FCCDFFFE0244429A
05-04-2023 17:53:57.706,151,RECV,7E001097010013A2004208FCCDFFFE44420038E4
05-04-2023 17:53:58.080,152,SENT,7E000F17010013A2004208FCCDFFFE0244429A
05-04-2023 17:53:58.252,153,RECV,7E001097010013A2004208FCCDFFFE44420038E4
05-04-2023 17:53:58.596,154,SENT,7E000F17010013A2004208FCCDFFFE0244429A
05-04-2023 17:53:58.751,155,RECV,7E001097010013A2004208FCCDFFFE44420038E4
05-04-2023 17:53:59.112,156,SENT,7E000F17010013A2004208FCCDFFFE0244429A
05-04-2023 17:53:59.250,157,RECV,7E001097010013A2004208FCCDFFFE44420038E4
05-04-2023 17:53:59.627,158,SENT,7E000F17010013A2004208FCCDFFFE0244429A
05-04-2023 17:53:59.764,159,RECV,7E001097010013A2004208FCCDFFFE44420038E4
05-04-2023 17:54:00.140,160,SENT,7E000F17010013A2004208FCCDFFFE0244429A
05-04-2023 17:54:00.310,161,RECV,7E001097010013A2004208FCCDFFFE44420037E5
05-04-2023 17:54:00.641,162,SENT,7E000F17010013A2004208FCCDFFFE0244429A
05-04-2023 17:54:00.813,163,RECV,7E001097010013A2004208FCCDFFFE44420037E5
05-04-2023 17:54:01.143,164,SENT,7E000F17010013A2004208FCCDFFFE0244429A
05-04-2023 17:54:01.315,165,RECV,7E001097010013A2004208FCCDFFFE44420038E4
05-04-2023 17:54:01.658,166,SENT,7E000F17010013A2004208FCCDFFFE0244429A
05-04-2023 17:54:01.816,167,RECV,7E001097010013A2004208FCCDFFFE44420038E4
05-04-2023 17:54:02.175,168,SENT,7E000F17010013A2004208FCCDFFFE0244429A
05-04-2023 17:54:02.314,169,RECV,7E001097010013A2004208FCCDFFFE44420038E4
05-04-2023 17:54:02.691,170,SENT,7E000F17010013A2004208FCCDFFFE0244429A
05-04-2023 17:54:02.829,171,RECV,7E001097010013A2004208FCCDFFFE44420038E4
05-04-2023 17:54:03.206,172,SENT,7E000F17010013A2004208FCCDFFFE0244429A
05-04-2023 17:54:03.376,173,RECV,7E001097010013A2004208FCCDFFFE44420038E4
05-04-2023 17:54:03.707,174,SENT,7E000F17010013A2004208FCCDFFFE0244429A
05-04-2023 17:54:03.878,175,RECV,7E001097010013A2004208FCCDFFFE44420039E3
05-04-2023 17:54:04.224,176,SENT,7E000F17010013A2004208FCCDFFFE0244429A
05-04-2023 17:54:04.379,177,RECV,7E001097010013A2004208FCCDFFFE44420038E4
05-04-2023 17:54:04.726,178,SENT,7E000F17010013A2004208FCCDFFFE0244429A
05-04-2023 17:54:04.882,179,RECV,7E001097010013A2004208FCCDFFFE44420037E5
05-04-2023 17:54:05.242,180,SENT,7E000F17010013A2004208FCCDFFFE0244429A
05-04-2023 17:54:05.382,181,RECV,7E001097010013A2004208FCCDFFFE44420039E3
05-04-2023 17:54:05.758,182,SENT,7E000F17010013A2004208FCCDFFFE0244429A
05-04-2023 17:54:05.897,183,RECV,7E001097010013A2004208FCCDFFFE44420037E5
05-04-2023 17:54:06.272,184,SENT,7E000F17010013A2004208FCCDFFFE0244429A
05-04-2023 17:54:06.443,185,RECV,7E001097010013A2004208FCCDFFFE44420038E4
05-04-2023 17:54:06.786,186,SENT,7E000F17010013A2004208FCCDFFFE0244429A
05-04-2023 17:54:06.943,187,RECV,7E001097010013A2004208FCCDFFFE44420037E5
05-04-2023 17:54:07.290,188,SENT,7E000F17010013A2004208FCCDFFFE0244429A
05-04-2023 17:54:07.445,189,RECV,7E001097010013A2004208FCCDFFFE44420038E4
05-04-2023 17:54:07.805,190,SENT,7E000F17010013A2004208FCCDFFFE0244429A
05-04-2023 17:54:07.943,191,RECV,7E001097010013A2004208FCCDFFFE44420038E4
05-04-2023 17:54:08.318,192,SENT,7E000F17010013A2004208FCCDFFFE0244429A
05-04-2023 17:54:08.443,193,RECV,7E001097010013A2004208FCCDFFFE44420038E4
05-04-2023 17:54:08.834,194,SENT,7E000F17010013A2004208FCCDFFFE0244429A
05-04-2023 17:54:09.004,195,RECV,7E001097010013A2004208FCCDFFFE44420038E4
05-04-2023 17:54:09.348,196,SENT,7E000F17010013A2004208FCCDFFFE0244429A
05-04-2023 17:54:09.504,197,RECV,7E001097010013A2004208FCCDFFFE44420039E3
05-04-2023 17:54:09.865,198,SENT,7E000F17010013A2004208FCCDFFFE0244429A
05-04-2023 17:54:10.004,199,RECV,7E001097010013A2004208FCCDFFFE44420038E4
05-04-2023 17:54:10.378,200,SENT,7E000F17010013A2004208FCCDFFFE0244429A
05-04-2023 17:54:10.502,201,RECV,7E001097010013A2004208FCCDFFFE44420038E4
05-04-2023 17:54:10.893,202,SENT,7E000F17010013A2004208FCCDFFFE0244429A
05-04-2023 17:54:11.062,203,RECV,7E001097010013A2004208FCCDFFFE44420038E4
05-04-2023 17:54:11.405,204,SENT,7E000F17010013A2004208FCCDFFFE0244429A
05-04-2023 17:54:11.559,205,RECV,7E001097010013A2004208FCCDFFFE44420039E3
05-04-2023 17:54:11.905,206,SENT,7E000F17010013A2004208FCCDFFFE0244429A
05-04-2023 17:54:12.060,207,RECV,7E001097010013A2004208FCCDFFFE44420038E4
05-04-2023 17:54:12.419,208,SENT,7E000F17010013A2004208FCCDFFFE0244429A
05-04-2023 17:54:12.559,209,RECV,7E001097010013A2004208FCCDFFFE44420039E3
05-04-2023 17:54:12.935,210,SENT,7E000F17010013A2004208FCCDFFFE0244429A
05-04-2023 17:54:13.058,211,RECV,7E001097010013A2004208FCCDFFFE44420038E4
05-04-2023 17:54:13.451,212,SENT,7E000F17010013A2004208FCCDFFFE0244429A
05-04-2023 17:54:13.622,213,RECV,7E001097010013A2004208FCCDFFFE44420038E4
05-04-2023 17:54:13.967,214,SENT,7E000F17010013A2004208FCCDFFFE0244429A
05-04-2023 17:54:14.122,215,RECV,7E001097010013A2004208FCCDFFFE44420038E4
05-04-2023 17:54:14.471,216,SENT,7E000F17010013A2004208FCCDFFFE0244429A
05-04-2023 17:54:14.626,217,RECV,7E001097010013A2004208FCCDFFFE44420037E5
05-04-2023 17:54:14.975,218,SENT,7E000F17010013A2004208FCCDFFFE0244429A
05-04-2023 17:54:15.130,219,RECV,7E001097010013A2004208FCCDFFFE44420038E4
05-04-2023 17:54:15.490,220,SENT,7E000F17010013A2004208FCCDFFFE0244429A
05-04-2023 17:54:15.628,221,RECV,7E001097010013A2004208FCCDFFFE44420039E3
05-04-2023 17:54:15.990,222,SENT,7E000F17010013A2004208FCCDFFFE0244429A
05-04-2023 17:54:16.129,223,RECV,7E001097010013A2004208FCCDFFFE44420038E4
05-04-2023 17:54:16.491,224,SENT,7E000F17010013A2004208FCCDFFFE0244429A
05-04-2023 17:54:16.630,225,RECV,7E001097010013A2004208FCCDFFFE44420038E4
05-04-2023 17:54:17.007,226,SENT,7E000F17010013A2004208FCCDFFFE0244429A
05-04-2023 17:54:17.132,227,RECV,7E001097010013A2004208FCCDFFFE44420039E3
05-04-2023 17:54:17.523,228,SENT,7E000F17010013A2004208FCCDFFFE0244429A
05-04-2023 17:54:17.693,229,RECV,7E001097010013A2004208FCCDFFFE44420038E4
05-04-2023 17:54:18.038,230,SENT,7E000F17010013A2004208FCCDFFFE0244429A
05-04-2023 17:54:18.193,231,RECV,7E001097010013A2004208FCCDFFFE44420039E3
05-04-2023 17:54:18.551,232,SENT,7E000F17010013A2004208FCCDFFFE0244429A
05-04-2023 17:54:18.689,233,RECV,7E001097010013A2004208FCCDFFFE44420038E4
05-04-2023 17:54:19.065,234,SENT,7E000F17010013A2004208FCCDFFFE0244429A
05-04-2023 17:54:19.189,235,RECV,7E001097010013A2004208FCCDFFFE44420037E5
05-04-2023 17:54:19.581,236,SENT,7E000F17010013A2004208FCCDFFFE0244429A
05-04-2023 17:54:19.750,237,RECV,7E001097010013A2004208FCCDFFFE44420037E5
05-04-2023 17:54:20.098,238,SENT,7E000F17010013A2004208FCCDFFFE0244429A
05-04-2023 17:54:20.253,239,RECV,7E001097010013A2004208FCCDFFFE44420039E3
05-04-2023 17:54:20.598,240,SENT,7E000F17010013A2004208FCCDFFFE0244429A
05-04-2023 17:54:20.754,241,RECV,7E001097010013A2004208FCCDFFFE44420038E4
05-04-2023 17:54:21.101,242,SENT,7E000F17010013A2004208FCCDFFFE0244429A
05-04-2023 17:54:21.258,243,RECV,7E001097010013A2004208FCCDFFFE44420038E4
05-04-2023 17:54:21.603,244,SENT,7E000F17010013A2004208FCCDFFFE0244429A
05-04-2023 17:54:21.759,245,RECV,7E001097010013A2004208FCCDFFFE44420038E4
05-04-2023 17:54:22.119,246,SENT,7E000F17010013A2004208FCCDFFFE0244429A
05-04-2023 17:54:22.257,247,RECV,7E001097010013A2004208FCCDFFFE44420038E4
05-04-2023 17:54:22.634,248,SENT,7E000F17010013A2004208FCCDFFFE0244429A
05-04-2023 17:54:22.819,249,RECV,7E001097010013A2004208FCCDFFFE44420038E4
05-04-2023 17:54:23.147,250,SENT,7E000F17010013A2004208FCCDFFFE0244429A
05-04-2023 17:54:23.317,251,RECV,7E001097010013A2004208FCCDFFFE44420038E4
05-04-2023 17:54:23.664,252,SENT,7E000F17010013A2004208FCCDFFFE0244429A
05-04-2023 17:54:23.817,253,RECV,7E001097010013A2004208FCCDFFFE44420038E4
05-04-2023 17:54:24.177,254,SENT,7E000F17010013A2004208FCCDFFFE0244429A
05-04-2023 17:54:24.317,255,RECV,7E001097010013A2004208FCCDFFFE44420037E5
05-04-2023 17:54:24.695,256,SENT,7E000F17010013A2004208FCCDFFFE0244429A
05-04-2023 17:54:24.879,257,RECV,7E001097010013A2004208FCCDFFFE44420038E4
05-04-2023 17:54:25.211,258,SENT,7E000F17010013A2004208FCCDFFFE0244429A
05-04-2023 17:54:25.380,259,RECV,7E001097010013A2004208FCCDFFFE44420038E4
05-04-2023 17:54:25.725,260,SENT,7E000F17010013A2004208FCCDFFFE0244429A
05-04-2023 17:54:25.878,261,RECV,7E001097010013A2004208FCCDFFFE44420037E5
05-04-2023 17:54:26.238,262,SENT,7E000F17010013A2004208FCCDFFFE0244429A
05-04-2023 17:54:26.377,263,RECV,7E001097010013A2004208FCCDFFFE44420039E3
05-04-2023 17:54:26.753,264,SENT,7E000F17010013A2004208FCCDFFFE0244429A
05-04-2023 17:54:26.878,265,RECV,7E001097010013A2004208FCCDFFFE44420037E5
05-04-2023 17:54:27.256,266,SENT,7E000F17010013A2004208FCCDFFFE0244429A
05-04-2023 17:54:27.379,267,RECV,7E001097010013A2004208FCCDFFFE44420037E5
05-04-2023 17:54:27.771,268,SENT,7E000F17010013A2004208FCCDFFFE0244429A
05-04-2023 17:54:27.943,269,RECV,7E001097010013A2004208FCCDFFFE44420038E4
05-04-2023 17:54:28.276,270,SENT,7E000F17010013A2004208FCCDFFFE0244429A
05-04-2023 17:54:28.447,271,RECV,7E001097010013A2004208FCCDFFFE44420038E4
05-04-2023 17:54:28.788,272,SENT,7E000F17010013A2004208FCCDFFFE0244429A
05-04-2023 17:54:28.944,273,RECV,7E001097010013A2004208FCCDFFFE44420038E4
05-04-2023 17:54:29.304,274,SENT,7E000F17010013A2004208FCCDFFFE0244429A
05-04-2023 17:54:29.449,275,RECV,7E001097010013A2004208FCCDFFFE44420038E4
05-04-2023 17:54:29.819,276,SENT,7E000F17010013A2004208FCCDFFFE0244429A
05-04-2023 17:54:29.943,277,RECV,7E001097010013A2004208FCCDFFFE44420039E3
05-04-2023 17:54:30.332,278,SENT,7E000F17010013A2004208FCCDFFFE0244429A
05-04-2023 17:54:30.504,279,RECV,7E001097010013A2004208FCCDFFFE44420038E4
05-04-2023 17:54:30.834,280,SENT,7E000F17010013A2004208FCCDFFFE0244429A
05-04-2023 17:54:31.006,281,RECV,7E001097010013A2004208FCCDFFFE44420037E5
05-04-2023 17:54:31.350,282,SENT,7E000F17010013A2004208FCCDFFFE0244429A
05-04-2023 17:54:31.502,283,RECV,7E001097010013A2004208FCCDFFFE44420038E4
05-04-2023 17:54:31.864,284,SENT,7E000F17010013A2004208FCCDFFFE0244429A
05-04-2023 17:54:32.003,285,RECV,7E001097010013A2004208FCCDFFFE44420037E5
05-04-2023 17:54:32.376,286,SENT,7E000F17010013A2004208FCCDFFFE0244429A
05-04-2023 17:54:32.500,287,RECV,7E001097010013A2004208FCCDFFFE44420037E5
05-04-2023 17:54:32.893,288,SENT,7E000F17010013A2004208FCCDFFFE0244429A
05-04-2023 17:54:33.063,289,RECV,7E001097010013A2004208FCCDFFFE44420038E4
05-04-2023 17:54:33.407,290,SENT,7E000F17010013A2004208FCCDFFFE0244429A
05-04-2023 17:54:33.564,291,RECV,7E001097010013A2004208FCCDFFFE44420038E4
05-04-2023 17:54:33.909,292,SENT,7E000F17010013A2004208FCCDFFFE0244429A
05-04-2023 17:54:34.065,293,RECV,7E001097010013A2004208FCCDFFFE44420038E4
05-04-2023 17:54:34.412,294,SENT,7E000F17010013A2004208FCCDFFFE0244429A
05-04-2023 17:54:34.567,295,RECV,7E001097010013A2004208FCCDFFFE44420038E4
05-04-2023 17:54:34.914,296,SENT,7E000F17010013A2004208FCCDFFFE0244429A
05-04-2023 17:54:35.069,297,RECV,7E001097010013A2004208FCCDFFFE44420037E5
05-04-2023 17:54:35.418,298,SENT,7E000F17010013A2004208FCCDFFFE0244429A
05-04-2023 17:54:35.570,299,RECV,7E001097010013A2004208FCCDFFFE44420038E4
05-04-2023 17:54:35.930,300,SENT,7E000F17010013A2004208FCCDFFFE0244429A
05-04-2023 17:54:36.071,301,RECV,7E001097010013A2004208FCCDFFFE44420038E4
05-04-2023 17:54:36.447,302,SENT,7E000F17010013A2004208FCCDFFFE0244429A
05-04-2023 17:54:36.570,303,RECV,7E001097010013A2004208FCCDFFFE44420038E4
05-04-2023 17:54:36.962,304,SENT,7E000F17010013A2004208FCCDFFFE0244429A
05-04-2023 17:54:37.133,305,RECV,7E001097010013A2004208FCCDFFFE44420038E4
05-04-2023 17:54:37.465,306,SENT,7E000F17010013A2004208FCCDFFFE0244429A
05-04-2023 17:54:37.636,307,RECV,7E001097010013A2004208FCCDFFFE44420037E5
05-04-2023 17:54:37.981,308,SENT,7E000F17010013A2004208FCCDFFFE0244429A
05-04-2023 17:54:38.136,309,RECV,7E001097010013A2004208FCCDFFFE44420039E3
05-04-2023 17:54:38.497,310,SENT,7E000F17010013A2004208FCCDFFFE0244429A
05-04-2023 17:54:38.636,311,RECV,7E001097010013A2004208FCCDFFFE44420039E3
05-04-2023 17:54:39.011,312,SENT,7E000F17010013A2004208FCCDFFFE0244429A
05-04-2023 17:54:39.198,313,RECV,7E001097010013A2004208FCCDFFFE4442003AE2
05-04-2023 17:54:39.528,314,SENT,7E000F17010013A2004208FCCDFFFE0244429A
05-04-2023 17:54:39.698,315,RECV,7E001097010013A2004208FCCDFFFE4442003AE2
05-04-2023 17:54:40.044,316,SENT,7E000F17010013A2004208FCCDFFFE0244429A
05-04-2023 17:54:40.199,317,RECV,7E001097010013A2004208FCCDFFFE44420038E4
05-04-2023 17:54:40.560,318,SENT,7E000F17010013A2004208FCCDFFFE0244429A
05-04-2023 17:54:40.698,319,RECV,7E001097010013A2004208FCCDFFFE44420038E4
05-04-2023 17:54:41.073,320,SENT,7E000F17010013A2004208FCCDFFFE0244429A
05-04-2023 17:54:41.259,321,RECV,7E001097010013A2004208FCCDFFFE44420038E4
05-04-2023 17:54:41.588,322,SENT,7E000F17010013A2004208FCCDFFFE0244429A
05-04-2023 17:54:41.760,323,RECV,7E001097010013A2004208FCCDFFFE44420038E4
05-04-2023 17:54:42.090,324,SENT,7E000F17010013A2004208FCCDFFFE0244429A
05-04-2023 17:54:42.261,325,RECV,7E001097010013A2004208FCCDFFFE44420039E3
05-04-2023 17:54:42.590,326,SENT,7E000F17010013A2004208FCCDFFFE0244429A
05-04-2023 17:54:42.761,327,RECV,7E001097010013A2004208FCCDFFFE44420038E4
05-04-2023 17:54:43.104,328,SENT,7E000F17010013A2004208FCCDFFFE0244429A
05-04-2023 17:54:43.259,329,RECV,7E001097010013A2004208FCCDFFFE44420038E4
05-04-2023 17:54:43.617,330,SENT,7E000F17010013A2004208FCCDFFFE0244429A
05-04-2023 17:54:43.756,331,RECV,7E001097010013A2004208FCCDFFFE44420038E4
05-04-2023 17:54:44.131,332,SENT,7E000F17010013A2004208FCCDFFFE0244429A
05-04-2023 17:54:44.270,333,RECV,7E001097010013A2004208FCCDFFFE44420038E4
05-04-2023 17:54:44.647,334,SENT,7E000F17010013A2004208FCCDFFFE0244429A
05-04-2023 17:54:44.817,335,RECV,7E001097010013A2004208FCCDFFFE44420038E4
05-04-2023 17:54:45.148,336,SENT,7E000F17010013A2004208FCCDFFFE0244429A
05-04-2023 17:54:45.320,337,RECV,7E001097010013A2004208FCCDFFFE44420038E4
05-04-2023 17:54:45.662,338,SENT,7E000F17010013A2004208FCCDFFFE0244429A
05-04-2023 17:54:45.818,339,RECV,7E001097010013A2004208FCCDFFFE44420038E4
05-04-2023 17:54:46.178,340,SENT,7E000F17010013A2004208FCCDFFFE0244429A
05-04-2023 17:54:46.317,341,RECV,7E001097010013A2004208FCCDFFFE44420037E5
05-04-2023 17:54:46.691,342,SENT,7E000F17010013A2004208FCCDFFFE0244429A
05-04-2023 17:54:46.815,343,RECV,7E001097010013A2004208FCCDFFFE44420037E5
05-04-2023 17:54:47.207,344,SENT,7E000F17010013A2004208FCCDFFFE0244429A
05-04-2023 17:54:47.376,345,RECV,7E001097010013A2004208FCCDFFFE44420037E5
05-04-2023 17:54:47.723,346,SENT,7E000F17010013A2004208FCCDFFFE0244429A
05-04-2023 17:54:47.878,347,RECV,7E001097010013A2004208FCCDFFFE44420037E5
05-04-2023 17:54:48.223,348,SENT,7E000F17010013A2004208FCCDFFFE0244429A
05-04-2023 17:54:48.377,349,RECV,7E001097010013A2004208FCCDFFFE44420037E5
05-04-2023 17:54:48.737,350,SENT,7E000F17010013A2004208FCCDFFFE0244429A
05-04-2023 17:54:48.877,351,RECV,7E001097010013A2004208FCCDFFFE44420037E5
05-04-2023 17:54:49.239,352,SENT,7E000F17010013A2004208FCCDFFFE0244429A
05-04-2023 17:54:49.380,353,RECV,7E001097010013A2004208FCCDFFFE44420037E5
05-04-2023 17:54:49.742,354,SENT,7E000F17010013A2004208FCCDFFFE0244429A
05-04-2023 17:54:49.882,355,RECV,7E001097010013A2004208FCCDFFFE44420038E4
05-04-2023 17:54:50.258,356,SENT,7E000F17010013A2004208FCCDFFFE0244429A
05-04-2023 17:54:50.382,357,RECV,7E001097010013A2004208FCCDFFFE44420038E4
05-04-2023 17:54:50.773,358,SENT,7E000F17010013A2004208FCCDFFFE0244429A
05-04-2023 17:54:50.944,359,RECV,7E001097010013A2004208FCCDFFFE44420038E4
05-04-2023 17:54:51.274,360,SENT,7E000F17010013A2004208FCCDFFFE0244429A
05-04-2023 17:54:51.444,361,RECV,7E001097010013A2004208FCCDFFFE44420037E5
05-04-2023 17:54:51.788,362,SENT,7E000F17010013A2004208FCCDFFFE0244429A
05-04-2023 17:54:51.943,363,RECV,7E001097010013A2004208FCCDFFFE44420038E4
05-04-2023 17:54:52.301,364,SENT,7E000F17010013A2004208FCCDFFFE0244429A
05-04-2023 17:54:52.440,365,RECV,7E001097010013A2004208FCCDFFFE44420038E4
05-04-2023 17:54:52.815,366,SENT,7E000F17010013A2004208FCCDFFFE0244429A
05-04-2023 17:54:52.956,367,RECV,7E001097010013A2004208FCCDFFFE44420038E4
05-04-2023 17:54:53.318,368,SENT,7E000F17010013A2004208FCCDFFFE0244429A
05-04-2023 17:54:53.442,369,RECV,7E001097010013A2004208FCCDFFFE44420038E4
05-04-2023 17:54:53.821,370,SENT,7E000F17010013A2004208FCCDFFFE0244429A
05-04-2023 17:54:53.959,371,RECV,7E001097010013A2004208FCCDFFFE44420037E5
05-04-2023 17:54:54.337,372,SENT,7E000F17010013A2004208FCCDFFFE0244429A
05-04-2023 17:54:54.508,373,RECV,7E001097010013A2004208FCCDFFFE44420038E4
05-04-2023 17:54:54.840,374,SENT,7E000F17010013A2004208FCCDFFFE0244429A
05-04-2023 17:54:55.010,375,RECV,7E001097010013A2004208FCCDFFFE44420038E4
05-04-2023 17:54:55.356,376,SENT,7E000F17010013A2004208FCCDFFFE0244429A
05-04-2023 17:54:55.514,377,RECV,7E001097010013A2004208FCCDFFFE44420038E4
05-04-2023 17:54:55.858,378,SENT,7E000F17010013A2004208FCCDFFFE0244429A
05-04-2023 17:54:56.014,379,RECV,7E001097010013A2004208FCCDFFFE44420037E5
05-04-2023 17:54:56.372,380,SENT,7E000F17010013A2004208FCCDFFFE0244429A
05-04-2023 17:54:56.512,381,RECV,7E001097010013A2004208FCCDFFFE44420037E5
05-04-2023 17:54:56.874,382,SENT,7E000F17010013A2004208FCCDFFFE0244429A
05-04-2023 17:54:57.013,383,RECV,7E001097010013A2004208FCCDFFFE44420038E4
05-04-2023 17:54:57.389,384,SENT,7E000F17010013A2004208FCCDFFFE0244429A
05-04-2023 17:54:57.512,385,RECV,7E001097010013A2004208FCCDFFFE44420037E5
05-04-2023 17:54:57.902,386,SENT,7E000F17010013A2004208FCCDFFFE0244429A
05-04-2023 17:54:58.073,387,RECV,7E001097010013A2004208FCCDFFFE44420038E4
05-04-2023 17:54:58.419,388,SENT,7E000F17010013A2004208FCCDFFFE0244429A
05-04-2023 17:54:58.573,389,RECV,7E001097010013A2004208FCCDFFFE44420038E4
05-04-2023 17:54:58.931,390,SENT,7E000F17010013A2004208FCCDFFFE0244429A
05-04-2023 17:54:59.071,391,RECV,7E001097010013A2004208FCCDFFFE44420037E5
05-04-2023 17:54:59.447,392,SENT,7E000F17010013A2004208FCCDFFFE0244429A
05-04-2023 17:54:59.570,393,RECV,7E001097010013A2004208FCCDFFFE44420039E3
05-04-2023 17:54:59.961,394,SENT,7E000F17010013A2004208FCCDFFFE0244429A
05-04-2023 17:55:00.132,395,RECV,7E001097010013A2004208FCCDFFFE44420038E4
05-04-2023 17:55:00.478,396,SENT,7E000F17010013A2004208FCCDFFFE0244429A
05-04-2023 17:55:00.633,397,RECV,7E001097010013A2004208FCCDFFFE44420037E5
05-04-2023 17:55:00.981,398,SENT,7E000F17010013A2004208FCCDFFFE0244429A
05-04-2023 17:55:01.134,399,RECV,7E001097010013A2004208FCCDFFFE44420038E4
05-04-2023 17:55:01.493,400,SENT,7E000F17010013A2004208FCCDFFFE0244429A
05-04-2023 17:55:01.635,401,RECV,7E001097010013A2004208FCCDFFFE44420038E4
05-04-2023 17:55:01.995,402,SENT,7E000F17010013A2004208FCCDFFFE0244429A
05-04-2023 17:55:02.133,403,RECV,7E001097010013A2004208FCCDFFFE44420038E4
05-04-2023 17:55:02.506,404,SENT,7E000F17010013A2004208FCCDFFFE0244429A
05-04-2023 17:55:02.644,405,RECV,7E001097010013A2004208FCCDFFFE44420039E3
05-04-2023 17:55:03.019,406,SENT,7E000F17010013A2004208FCCDFFFE0244429A
05-04-2023 17:55:03.189,407,RECV,7E001097010013A2004208FCCDFFFE44420037E5
05-04-2023 17:55:03.520,408,SENT,7E000F17010013A2004208FCCDFFFE0244429A
05-04-2023 17:55:03.691,409,RECV,7E001097010013A2004208FCCDFFFE44420037E5
05-04-2023 17:55:04.023,410,SENT,7E000F17010013A2004208FCCDFFFE0244429A
05-04-2023 17:55:04.192,411,RECV,7E001097010013A2004208FCCDFFFE44420038E4
05-04-2023 17:55:04.535,412,SENT,7E000F17010013A2004208FCCDFFFE0244429A
05-04-2023 17:55:04.690,413,RECV,7E001097010013A2004208FCCDFFFE44420038E4
05-04-2023 17:55:05.049,414,SENT,7E000F17010013A2004208FCCDFFFE0244429A
05-04-2023 17:55:05.189,415,RECV,7E001097010013A2004208FCCDFFFE44420037E5
05-04-2023 17:55:05.565,416,SENT,7E000F17010013A2004208FCCDFFFE0244429A
05-04-2023 17:55:05.690,417,RECV,7E001097010013A2004208FCCDFFFE44420037E5
05-04-2023 17:55:06.069,418,SENT,7E000F17010013A2004208FCCDFFFE0244429A
05-04-2023 17:55:06.253,419,RECV,7E001097010013A2004208FCCDFFFE44420038E4
