05-04-2023 17:55:50.590,-,API,"XBEE_LOCAL ,0013A2004208FCCA,XBee SX 868,A00B,COM9 - 38400/8/N/2/N,13,69"

05-04-2023 17:57:26.654,0,SENT,7E000F17010013A2004208FCCDFFFE0244429A
05-04-2023 17:57:26.776,1,RECV,7E001097010013A2004208FCCDFFFE4442003DDF
05-04-2023 17:57:27.165,2,SENT,7E000F17010013A2004208FCCDFFFE0244429A
05-04-2023 17:57:27.334,3,RECV,7E001097010013A2004208FCCDFFFE4442003DDF
05-04-2023 17:57:27.680,4,SENT,7E000F17010013A2004208FCCDFFFE0244429A
05-04-2023 17:57:27.834,5,RECV,7E001097010013A2004208FCCDFFFE4442003DDF
05-04-2023 17:57:28.196,6,SENT,7E000F17010013A2004208FCCDFFFE0244429A
05-04-2023 17:57:28.335,7,RECV,7E001097010013A2004208FCCDFFFE4442003CE0
05-04-2023 17:57:28.708,8,SENT,7E000F17010013A2004208FCCDFFFE0244429A
05-04-2023 17:57:28.897,9,RECV,7E001097010013A2004208FCCDFFFE4442003CE0
05-04-2023 17:57:29.210,10,SENT,7E000F17010013A2004208FCCDFFFE0244429A
05-04-2023 17:57:29.335,11,RECV,7E001097010013A2004208FCCDFFFE4442003CE0
05-04-2023 17:57:29.726,12,SENT,7E000F17010013A2004208FCCDFFFE0244429A
05-04-2023 17:57:29.896,13,RECV,7E001097010013A2004208FCCDFFFE4442003CE0
05-04-2023 17:57:30.243,14,SENT,7E000F17010013A2004208FCCDFFFE0244429A
05-04-2023 17:57:30.395,15,RECV,7E001097010013A2004208FCCDFFFE4442003CE0
05-04-2023 17:57:30.759,16,SENT,7E000F17010013A2004208FCCDFFFE0244429A
05-04-2023 17:57:30.898,17,RECV,7E001097010013A2004208FCCDFFFE4442003CE0
05-04-2023 17:57:31.276,18,SENT,7E000F17010013A2004208FCCDFFFE0244429A
05-04-2023 17:57:31.415,19,RECV,7E001097010013A2004208FCCDFFFE4442003CE0
05-04-2023 17:57:31.776,20,SENT,7E000F17010013A2004208FCCDFFFE0244429A
05-04-2023 17:57:31.901,21,RECV,7E001097010013A2004208FCCDFFFE4442003BE1
05-04-2023 17:57:32.292,22,SENT,7E000F17010013A2004208FCCDFFFE0244429A
05-04-2023 17:57:32.463,23,RECV,7E001097010013A2004208FCCDFFFE4442003AE2
05-04-2023 17:57:32.809,24,SENT,7E000F17010013A2004208FCCDFFFE0244429A
05-04-2023 17:57:32.965,25,RECV,7E001097010013A2004208FCCDFFFE4442003BE1
05-04-2023 17:57:33.310,26,SENT,7E000F17010013A2004208FCCDFFFE0244429A
05-04-2023 17:57:33.465,27,RECV,7E001097010013A2004208FCCDFFFE4442003BE1
05-04-2023 17:57:33.826,28,SENT,7E000F17010013A2004208FCCDFFFE0244429A
05-04-2023 17:57:33.964,29,RECV,7E001097010013A2004208FCCDFFFE4442003BE1
05-04-2023 17:57:34.341,30,SENT,7E000F17010013A2004208FCCDFFFE0244429A
05-04-2023 17:57:34.480,31,RECV,7E001097010013A2004208FCCDFFFE4442003BE1
05-04-2023 17:57:34.856,32,SENT,7E000F17010013A2004208FCCDFFFE0244429A
05-04-2023 17:57:35.025,33,RECV,7E001097010013A2004208FCCDFFFE4442003BE1
05-04-2023 17:57:35.371,34,SENT,7E000F17010013A2004208FCCDFFFE0244429A
05-04-2023 17:57:35.526,35,RECV,7E001097010013A2004208FCCDFFFE4442003CE0
05-04-2023 17:57:35.888,36,SENT,7E000F17010013A2004208FCCDFFFE0244429A
05-04-2023 17:57:36.026,37,RECV,7E001097010013A2004208FCCDFFFE4442003DDF
05-04-2023 17:57:36.402,38,SENT,7E000F17010013A2004208FCCDFFFE0244429A
05-04-2023 17:57:36.543,39,RECV,7E001097010013A2004208FCCDFFFE4442003CE0
05-04-2023 17:57:36.903,40,SENT,7E000F17010013A2004208FCCDFFFE0244429A
05-04-2023 17:57:37.027,41,RECV,7E001097010013A2004208FCCDFFFE4442003BE1
05-04-2023 17:57:37.404,42,SENT,7E000F17010013A2004208FCCDFFFE0244429A
05-04-2023 17:57:37.544,43,RECV,7E001097010013A2004208FCCDFFFE4442003BE1
05-04-2023 17:57:37.907,44,SENT,7E000F17010013A2004208FCCDFFFE0244429A
05-04-2023 17:57:38.030,45,RECV,7E001097010013A2004208FCCDFFFE4442003BE1
05-04-2023 17:57:38.421,46,SENT,7E000F17010013A2004208FCCDFFFE0244429A
05-04-2023 17:57:38.593,47,RECV,7E001097010013A2004208FCCDFFFE4442003BE1
05-04-2023 17:57:38.923,48,SENT,7E000F17010013A2004208FCCDFFFE0244429A
05-04-2023 17:57:39.094,49,RECV,7E001097010013A2004208FCCDFFFE44420039E3
05-04-2023 17:57:39.439,50,SENT,7E000F17010013A2004208FCCDFFFE0244429A
05-04-2023 17:57:39.593,51,RECV,7E001097010013A2004208FCCDFFFE44420039E3
05-04-2023 17:57:39.941,52,SENT,7E000F17010013A2004208FCCDFFFE0244429A
05-04-2023 17:57:40.096,53,RECV,7E001097010013A2004208FCCDFFFE4442003BE1
05-04-2023 17:57:40.442,54,SENT,7E000F17010013A2004208FCCDFFFE0244429A
05-04-2023 17:57:40.597,55,RECV,7E001097010013A2004208FCCDFFFE4442003BE1
05-04-2023 17:57:40.943,56,SENT,7E000F17010013A2004208FCCDFFFE0244429A
05-04-2023 17:57:41.099,57,RECV,7E001097010013A2004208FCCDFFFE4442003DDF
05-04-2023 17:57:41.445,58,SENT,7E000F17010013A2004208FCCDFFFE0244429A
05-04-2023 17:57:41.600,59,RECV,7E001097010013A2004208FCCDFFFE4442003CE0
05-04-2023 17:57:41.961,60,SENT,7E000F17010013A2004208FCCDFFFE0244429A
05-04-2023 17:57:42.102,61,RECV,7E001097010013A2004208FCCDFFFE4442003BE1
05-04-2023 17:57:42.462,62,SENT,7E000F17010013A2004208FCCDFFFE0244429A
05-04-2023 17:57:42.603,63,RECV,7E001097010013A2004208FCCDFFFE4442003CE0
05-04-2023 17:57:42.967,64,SENT,7E000F17010013A2004208FCCDFFFE0244429A
05-04-2023 17:57:43.107,65,RECV,7E001097010013A2004208FCCDFFFE4442003CE0
05-04-2023 17:57:43.469,66,SENT,7E000F17010013A2004208FCCDFFFE0244429A
05-04-2023 17:57:43.611,67,RECV,7E001097010013A2004208FCCDFFFE4442003BE1
05-04-2023 17:57:43.970,68,SENT,7E000F17010013A2004208FCCDFFFE0244429A
05-04-2023 17:57:44.110,69,RECV,7E001097010013A2004208FCCDFFFE4442003DDF
05-04-2023 17:57:44.487,70,SENT,7E000F17010013A2004208FCCDFFFE0244429A
05-04-2023 17:57:44.610,71,RECV,7E001097010013A2004208FCCDFFFE4442003CE0
05-04-2023 17:57:45.000,72,SENT,7E000F17010013A2004208FCCDFFFE0244429A
05-04-2023 17:57:45.173,73,RECV,7E001097010013A2004208FCCDFFFE4442003BE1
05-04-2023 17:57:45.513,74,SENT,7E000F17010013A2004208FCCDFFFE0244429A
05-04-2023 17:57:45.679,75,RECV,7E001097010013A2004208FCCDFFFE4442003AE2
05-04-2023 17:57:46.008,76,SENT,7E000F17010013A2004208FCCDFFFE0244429A
05-04-2023 17:57:46.179,77,RECV,7E001097010013A2004208FCCDFFFE4442003BE1
05-04-2023 17:57:46.509,78,SENT,7E000F17010013A2004208FCCDFFFE0244429A
05-04-2023 17:57:46.681,79,RECV,7E001097010013A2004208FCCDFFFE4442003AE2
05-04-2023 17:57:47.026,80,SENT,7E000F17010013A2004208FCCDFFFE0244429A
05-04-2023 17:57:47.181,81,RECV,7E001097010013A2004208FCCDFFFE4442003BE1
05-04-2023 17:57:47.528,82,SENT,7E000F17010013A2004208FCCDFFFE0244429A
05-04-2023 17:57:47.684,83,RECV,7E001097010013A2004208FCCDFFFE4442003BE1
05-04-2023 17:57:48.044,84,SENT,7E000F17010013A2004208FCCDFFFE0244429A
05-04-2023 17:57:48.183,85,RECV,7E001097010013A2004208FCCDFFFE4442003BE1
05-04-2023 17:57:48.558,86,SENT,7E000F17010013A2004208FCCDFFFE0244429A
05-04-2023 17:57:48.683,87,RECV,7E001097010013A2004208FCCDFFFE4442003BE1
05-04-2023 17:57:49.059,88,SENT,7E000F17010013A2004208FCCDFFFE0244429A
05-04-2023 17:57:49.199,89,RECV,7E001097010013A2004208FCCDFFFE4442003BE1
05-04-2023 17:57:49.574,90,SENT,7E000F17010013A2004208FCCDFFFE0244429A
05-04-2023 17:57:49.743,91,RECV,7E001097010013A2004208FCCDFFFE4442003BE1
05-04-2023 17:57:50.089,92,SENT,7E000F17010013A2004208FCCDFFFE0244429A
05-04-2023 17:57:50.244,93,RECV,7E001097010013A2004208FCCDFFFE4442003CE0
05-04-2023 17:57:50.606,94,SENT,7E000F17010013A2004208FCCDFFFE0244429A
05-04-2023 17:57:50.744,95,RECV,7E001097010013A2004208FCCDFFFE4442003CE0
05-04-2023 17:57:51.120,96,SENT,7E000F17010013A2004208FCCDFFFE0244429A
05-04-2023 17:57:51.259,97,RECV,7E001097010013A2004208FCCDFFFE4442003BE1
05-04-2023 17:57:51.636,98,SENT,7E000F17010013A2004208FCCDFFFE0244429A
05-04-2023 17:57:51.807,99,RECV,7E001097010013A2004208FCCDFFFE4442003BE1
05-04-2023 17:57:52.151,100,SENT,7E000F17010013A2004208FCCDFFFE0244429A
05-04-2023 17:57:52.305,101,RECV,7E001097010013A2004208FCCDFFFE4442003BE1
05-04-2023 17:57:52.665,102,SENT,7E000F17010013A2004208FCCDFFFE0244429A
05-04-2023 17:57:52.803,103,RECV,7E001097010013A2004208FCCDFFFE4442003CE0
05-04-2023 17:57:53.177,104,SENT,7E000F17010013A2004208FCCDFFFE0244429A
05-04-2023 17:57:53.317,105,RECV,7E001097010013A2004208FCCDFFFE4442003CE0
05-04-2023 17:57:53.681,106,SENT,7E000F17010013A2004208FCCDFFFE0244429A
05-04-2023 17:57:53.805,107,RECV,7E001097010013A2004208FCCDFFFE4442003BE1
05-04-2023 17:57:54.185,108,SENT,7E000F17010013A2004208FCCDFFFE0244429A
05-04-2023 17:57:54.324,109,RECV,7E001097010013A2004208FCCDFFFE4442003BE1
05-04-2023 17:57:54.700,110,SENT,7E000F17010013A2004208FCCDFFFE0244429A
05-04-2023 17:57:54.870,111,RECV,7E001097010013A2004208FCCDFFFE4442003BE1
05-04-2023 17:57:55.213,112,SENT,7E000F17010013A2004208FCCDFFFE0244429A
05-04-2023 17:57:55.369,113,RECV,7E001097010013A2004208FCCDFFFE4442003BE1
05-04-2023 17:57:55.715,114,SENT,7E000F17010013A2004208FCCDFFFE0244429A
05-04-2023 17:57:55.869,115,RECV,7E001097010013A2004208FCCDFFFE4442003BE1
05-04-2023 17:57:56.216,116,SENT,7E000F17010013A2004208FCCDFFFE0244429A
05-04-2023 17:57:56.372,117,RECV,7E001097010013A2004208FCCDFFFE4442003AE2
05-04-2023 17:57:56.731,118,SENT,7E000F17010013A2004208FCCDFFFE0244429A
05-04-2023 17:57:56.868,119,RECV,7E001097010013A2004208FCCDFFFE4442003CE0
05-04-2023 17:57:57.244,120,SENT,7E000F17010013A2004208FCCDFFFE0244429A
05-04-2023 17:57:57.386,121,RECV,7E001097010013A2004208FCCDFFFE4442003BE1
05-04-2023 17:57:57.748,122,SENT,7E000F17010013A2004208FCCDFFFE0244429A
05-04-2023 17:57:57.871,123,RECV,7E001097010013A2004208FCCDFFFE44420039E3
05-04-2023 17:57:58.264,124,SENT,7E000F17010013A2004208FCCDFFFE0244429A
05-04-2023 17:57:58.433,125,RECV,7E001097010013A2004208FCCDFFFE4442003AE2
05-04-2023 17:57:58.778,126,SENT,7E000F17010013A2004208FCCDFFFE0244429A
05-04-2023 17:57:58.933,127,RECV,7E001097010013A2004208FCCDFFFE4442003DDF
05-04-2023 17:57:59.293,128,SENT,7E000F17010013A2004208FCCDFFFE0244429A
05-04-2023 17:57:59.432,129,RECV,7E001097010013A2004208FCCDFFFE4442003DDF
05-04-2023 17:57:59.810,130,SENT,7E000F17010013A2004208FCCDFFFE0244429A
05-04-2023 17:57:59.934,131,RECV,7E001097010013A2004208FCCDFFFE4442003BE1
05-04-2023 17:58:00.313,132,SENT,7E000F17010013A2004208FCCDFFFE0244429A
05-04-2023 17:58:00.453,133,RECV,7E001097010013A2004208FCCDFFFE4442003CE0
05-04-2023 17:58:00.830,134,SENT,7E000F17010013A2004208FCCDFFFE0244429A
05-04-2023 17:58:01.000,135,RECV,7E001097010013A2004208FCCDFFFE4442003AE2
05-04-2023 17:58:01.345,136,SENT,7E000F17010013A2004208FCCDFFFE0244429A
05-04-2023 17:58:01.500,137,RECV,7E001097010013A2004208FCCDFFFE4442003BE1
05-04-2023 17:58:01.858,138,SENT,7E000F17010013A2004208FCCDFFFE0244429A
05-04-2023 17:58:01.997,139,RECV,7E001097010013A2004208FCCDFFFE4442003CE0
05-04-2023 17:58:02.373,140,SENT,7E000F17010013A2004208FCCDFFFE0244429A
05-04-2023 17:58:02.512,141,RECV,7E001097010013A2004208FCCDFFFE4442003CE0
05-04-2023 17:58:02.886,142,SENT,7E000F17010013A2004208FCCDFFFE0244429A
05-04-2023 17:58:03.058,143,RECV,7E001097010013A2004208FCCDFFFE4442003CE0
05-04-2023 17:58:03.388,144,SENT,7E000F17010013A2004208FCCDFFFE0244429A
05-04-2023 17:58:03.557,145,RECV,7E001097010013A2004208FCCDFFFE4442003BE1
05-04-2023 17:58:03.901,146,SENT,7E000F17010013A2004208FCCDFFFE0244429A
05-04-2023 17:58:04.056,147,RECV,7E001097010013A2004208FCCDFFFE4442003AE2
05-04-2023 17:58:04.414,148,SENT,7E000F17010013A2004208FCCDFFFE0244429A
05-04-2023 17:58:04.554,149,RECV,7E001097010013A2004208FCCDFFFE4442003AE2
05-04-2023 17:58:04.932,150,SENT,7E000F17010013A2004208FCCDFFFE0244429A
05-04-2023 17:58:05.055,151,RECV,7E001097010013A2004208FCCDFFFE4442003BE1
05-04-2023 17:58:05.448,152,SENT,7E000F17010013A2004208FCCDFFFE0244429A
05-04-2023 17:58:05.618,153,RECV,7E001097010013A2004208FCCDFFFE4442003BE1
05-04-2023 17:58:05.962,154,SENT,7E000F17010013A2004208FCCDFFFE0244429A
05-04-2023 17:58:06.117,155,RECV,7E001097010013A2004208FCCDFFFE4442003CE0
05-04-2023 17:58:06.476,156,SENT,7E000F17010013A2004208FCCDFFFE0244429A
05-04-2023 17:58:06.616,157,RECV,7E001097010013A2004208FCCDFFFE4442003CE0
05-04-2023 17:58:06.992,158,SENT,7E000F17010013A2004208FCCDFFFE0244429A
05-04-2023 17:58:07.115,159,RECV,7E001097010013A2004208FCCDFFFE4442003BE1
05-04-2023 17:58:07.507,160,SENT,7E000F17010013A2004208FCCDFFFE0244429A
05-04-2023 17:58:07.679,161,RECV,7E001097010013A2004208FCCDFFFE4442003AE2
05-04-2023 17:58:08.021,162,SENT,7E000F17010013A2004208FCCDFFFE0244429A
05-04-2023 17:58:08.177,163,RECV,7E001097010013A2004208FCCDFFFE4442003AE2
05-04-2023 17:58:08.537,164,SENT,7E000F17010013A2004208FCCDFFFE0244429A
05-04-2023 17:58:08.676,165,RECV,7E001097010013A2004208FCCDFFFE4442003BE1
05-04-2023 17:58:09.051,166,SENT,7E000F17010013A2004208FCCDFFFE0244429A
05-04-2023 17:58:09.174,167,RECV,7E001097010013A2004208FCCDFFFE4442003BE1
05-04-2023 17:58:09.567,168,SENT,7E000F17010013A2004208FCCDFFFE0244429A
05-04-2023 17:58:09.738,169,RECV,7E001097010013A2004208FCCDFFFE4442003AE2
05-04-2023 17:58:10.082,170,SENT,7E000F17010013A2004208FCCDFFFE0244429A
05-04-2023 17:58:10.237,171,RECV,7E001097010013A2004208FCCDFFFE4442003AE2
05-04-2023 17:58:10.583,172,SENT,7E000F17010013A2004208FCCDFFFE0244429A
05-04-2023 17:58:10.738,173,RECV,7E001097010013A2004208FCCDFFFE4442003BE1
05-04-2023 17:58:11.098,174,SENT,7E000F17010013A2004208FCCDFFFE0244429A
05-04-2023 17:58:11.238,175,RECV,7E001097010013A2004208FCCDFFFE4442003BE1
05-04-2023 17:58:11.613,176,SENT,7E000F17010013A2004208FCCDFFFE0244429A
05-04-2023 17:58:11.753,177,RECV,7E001097010013A2004208FCCDFFFE4442003AE2
05-04-2023 17:58:12.129,178,SENT,7E000F17010013A2004208FCCDFFFE0244429A
05-04-2023 17:58:12.300,179,RECV,7E001097010013A2004208FCCDFFFE4442003BE1
05-04-2023 17:58:12.646,180,SENT,7E000F17010013A2004208FCCDFFFE0244429A
05-04-2023 17:58:12.801,181,RECV,7E001097010013A2004208FCCDFFFE4442003BE1
05-04-2023 17:58:13.159,182,SENT,7E000F17010013A2004208FCCDFFFE0244429A
05-04-2023 17:58:13.299,183,RECV,7E001097010013A2004208FCCDFFFE4442003AE2
05-04-2023 17:58:13.675,184,SENT,7E000F17010013A2004208FCCDFFFE0244429A
05-04-2023 17:58:13.814,185,RECV,7E001097010013A2004208FCCDFFFE4442003BE1
05-04-2023 17:58:14.189,186,SENT,7E000F17010013A2004208FCCDFFFE0244429A
05-04-2023 17:58:14.360,187,RECV,7E001097010013A2004208FCCDFFFE4442003AE2
05-04-2023 17:58:14.705,188,SENT,7E000F17010013A2004208FCCDFFFE0244429A
05-04-2023 17:58:14.861,189,RECV,7E001097010013A2004208FCCDFFFE4442003BE1
05-04-2023 17:58:15.208,190,SENT,7E000F17010013A2004208FCCDFFFE0244429A
05-04-2023 17:58:15.363,191,RECV,7E001097010013A2004208FCCDFFFE4442003AE2
05-04-2023 17:58:15.724,192,SENT,7E000F17010013A2004208FCCDFFFE0244429A
05-04-2023 17:58:15.863,193,RECV,7E001097010013A2004208FCCDFFFE4442003AE2
05-04-2023 17:58:16.239,194,SENT,7E000F17010013A2004208FCCDFFFE0244429A
05-04-2023 17:58:16.364,195,RECV,7E001097010013A2004208FCCDFFFE4442003CE0
05-04-2023 17:58:16.742,196,SENT,7E000F17010013A2004208FCCDFFFE0244429A
05-04-2023 17:58:16.867,197,RECV,7E001097010013A2004208FCCDFFFE4442003CE0
05-04-2023 17:58:17.258,198,SENT,7E000F17010013A2004208FCCDFFFE0244429A
05-04-2023 17:58:17.429,199,RECV,7E001097010013A2004208FCCDFFFE4442003BE1
05-04-2023 17:58:17.770,200,SENT,7E000F17010013A2004208FCCDFFFE0244429A
05-04-2023 17:58:17.927,201,RECV,7E001097010013A2004208FCCDFFFE4442003BE1
05-04-2023 17:58:18.272,202,SENT,7E000F17010013A2004208FCCDFFFE0244429A
05-04-2023 17:58:18.427,203,RECV,7E001097010013A2004208FCCDFFFE4442003BE1
05-04-2023 17:58:18.787,204,SENT,7E000F17010013A2004208FCCDFFFE0244429A
05-04-2023 17:58:18.926,205,RECV,7E001097010013A2004208FCCDFFFE4442003BE1
05-04-2023 17:58:19.300,206,SENT,7E000F17010013A2004208FCCDFFFE0244429A
05-04-2023 17:58:19.424,207,RECV,7E001097010013A2004208FCCDFFFE4442003BE1
05-04-2023 17:58:19.803,208,SENT,7E000F17010013A2004208FCCDFFFE0244429A
05-04-2023 17:58:19.943,209,RECV,7E001097010013A2004208FCCDFFFE4442003BE1
05-04-2023 17:58:20.320,210,SENT,7E000F17010013A2004208FCCDFFFE0244429A
05-04-2023 17:58:20.490,211,RECV,7E001097010013A2004208FCCDFFFE4442003BE1
05-04-2023 17:58:20.835,212,SENT,7E000F17010013A2004208FCCDFFFE0244429A
05-04-2023 17:58:20.990,213,RECV,7E001097010013A2004208FCCDFFFE4442003AE2
05-04-2023 17:58:21.352,214,SENT,7E000F17010013A2004208FCCDFFFE0244429A
05-04-2023 17:58:21.491,215,RECV,7E001097010013A2004208FCCDFFFE4442003AE2
05-04-2023 17:58:21.853,216,SENT,7E000F17010013A2004208FCCDFFFE0244429A
05-04-2023 17:58:21.991,217,RECV,7E001097010013A2004208FCCDFFFE4442003BE1
05-04-2023 17:58:22.354,218,SENT,7E000F17010013A2004208FCCDFFFE0244429A
05-04-2023 17:58:22.495,219,RECV,7E001097010013A2004208FCCDFFFE4442003BE1
05-04-2023 17:58:22.870,220,SENT,7E000F17010013A2004208FCCDFFFE0244429A
05-04-2023 17:58:23.008,221,RECV,7E001097010013A2004208FCCDFFFE4442003CE0
05-04-2023 17:58:23.385,222,SENT,7E000F17010013A2004208FCCDFFFE0244429A
05-04-2023 17:58:23.557,223,RECV,7E001097010013A2004208FCCDFFFE4442003BE1
05-04-2023 17:58:23.902,224,SENT,7E000F17010013A2004208FCCDFFFE0244429A
05-04-2023 17:58:24.057,225,RECV,7E001097010013A2004208FCCDFFFE4442003CE0
05-04-2023 17:58:24.417,226,SENT,7E000F17010013A2004208FCCDFFFE0244429A
05-04-2023 17:58:24.558,227,RECV,7E001097010013A2004208FCCDFFFE4442003CE0
05-04-2023 17:58:24.933,228,SENT,7E000F17010013A2004208FCCDFFFE0244429A
05-04-2023 17:58:25.056,229,RECV,7E001097010013A2004208FCCDFFFE4442003BE1
05-04-2023 17:58:25.434,230,SENT,7E000F17010013A2004208FCCDFFFE0244429A
05-04-2023 17:58:25.559,231,RECV,7E001097010013A2004208FCCDFFFE4442003AE2
05-04-2023 17:58:25.940,232,SENT,7E000F17010013A2004208FCCDFFFE0244429A
05-04-2023 17:58:26.065,233,RECV,7E001097010013A2004208FCCDFFFE4442003CE0
05-04-2023 17:58:26.455,234,SENT,7E000F17010013A2004208FCCDFFFE0244429A
05-04-2023 17:58:26.626,235,RECV,7E001097010013A2004208FCCDFFFE4442003AE2
05-04-2023 17:58:26.957,236,SENT,7E000F17010013A2004208FCCDFFFE0244429A
05-04-2023 17:58:27.126,237,RECV,7E001097010013A2004208FCCDFFFE44420039E3
05-04-2023 17:58:27.472,238,SENT,7E000F17010013A2004208FCCDFFFE0244429A
05-04-2023 17:58:27.628,239,RECV,7E001097010013A2004208FCCDFFFE4442003BE1
05-04-2023 17:58:27.988,240,SENT,7E000F17010013A2004208FCCDFFFE0244429A
05-04-2023 17:58:28.126,241,RECV,7E001097010013A2004208FCCDFFFE4442003BE1
05-04-2023 17:58:28.503,242,SENT,7E000F17010013A2004208FCCDFFFE0244429A
05-04-2023 17:58:28.641,243,RECV,7E001097010013A2004208FCCDFFFE4442003AE2
05-04-2023 17:58:29.019,244,SENT,7E000F17010013A2004208FCCDFFFE0244429A
05-04-2023 17:58:29.190,245,RECV,7E001097010013A2004208FCCDFFFE4442003BE1
05-04-2023 17:58:29.535,246,SENT,7E000F17010013A2004208FCCDFFFE0244429A
05-04-2023 17:58:29.689,247,RECV,7E001097010013A2004208FCCDFFFE4442003BE1
05-04-2023 17:58:30.050,248,SENT,7E000F17010013A2004208FCCDFFFE0244429A
05-04-2023 17:58:30.192,249,RECV,7E001097010013A2004208FCCDFFFE4442003AE2
05-04-2023 17:58:30.566,250,SENT,7E000F17010013A2004208FCCDFFFE0244429A
05-04-2023 17:58:30.752,251,RECV,7E001097010013A2004208FCCDFFFE4442003AE2
05-04-2023 17:58:31.081,252,SENT,7E000F17010013A2004208FCCDFFFE0244429A
05-04-2023 17:58:31.254,253,RECV,7E001097010013A2004208FCCDFFFE4442003BE1
05-04-2023 17:58:31.596,254,SENT,7E000F17010013A2004208FCCDFFFE0244429A
05-04-2023 17:58:31.753,255,RECV,7E001097010013A2004208FCCDFFFE4442003BE1
05-04-2023 17:58:32.097,256,SENT,7E000F17010013A2004208FCCDFFFE0244429A
05-04-2023 17:58:32.253,257,RECV,7E001097010013A2004208FCCDFFFE4442003BE1
05-04-2023 17:58:32.612,258,SENT,7E000F17010013A2004208FCCDFFFE0244429A
05-04-2023 17:58:32.751,259,RECV,7E001097010013A2004208FCCDFFFE4442003BE1
05-04-2023 17:58:33.129,260,SENT,7E000F17010013A2004208FCCDFFFE0244429A
05-04-2023 17:58:33.251,261,RECV,7E001097010013A2004208FCCDFFFE4442003AE2
05-04-2023 17:58:33.643,262,SENT,7E000F17010013A2004208FCCDFFFE0244429A
05-04-2023 17:58:33.814,263,RECV,7E001097010013A2004208FCCDFFFE4442003AE2
05-04-2023 17:58:34.158,264,SENT,7E000F17010013A2004208FCCDFFFE0244429A
05-04-2023 17:58:34.315,265,RECV,7E001097010013A2004208FCCDFFFE4442003BE1
05-04-2023 17:58:34.673,266,SENT,7E000F17010013A2004208FCCDFFFE0244429A
05-04-2023 17:58:34.813,267,RECV,7E001097010013A2004208FCCDFFFE4442003BE1
05-04-2023 17:58:35.175,268,SENT,7E000F17010013A2004208FCCDFFFE0244429A
05-04-2023 17:58:35.313,269,RECV,7E001097010013A2004208FCCDFFFE4442003AE2
05-04-2023 17:58:35.687,270,SENT,7E000F17010013A2004208FCCDFFFE0244429A
05-04-2023 17:58:35.827,271,RECV,7E001097010013A2004208FCCDFFFE4442003AE2
05-04-2023 17:58:36.188,272,SENT,7E000F17010013A2004208FCCDFFFE0244429A
05-04-2023 17:58:36.313,273,RECV,7E001097010013A2004208FCCDFFFE4442003BE1
05-04-2023 17:58:36.704,274,SENT,7E000F17010013A2004208FCCDFFFE0244429A
05-04-2023 17:58:36.875,275,RECV,7E001097010013A2004208FCCDFFFE4442003BE1
05-04-2023 17:58:37.206,276,SENT,7E000F17010013A2004208FCCDFFFE0244429A
05-04-2023 17:58:37.377,277,RECV,7E001097010013A2004208FCCDFFFE4442003AE2
05-04-2023 17:58:37.722,278,SENT,7E000F17010013A2004208FCCDFFFE0244429A
05-04-2023 17:58:37.876,279,RECV,7E001097010013A2004208FCCDFFFE4442003AE2
05-04-2023 17:58:38.237,280,SENT,7E000F17010013A2004208FCCDFFFE0244429A
05-04-2023 17:58:38.375,281,RECV,7E001097010013A2004208FCCDFFFE4442003AE2
05-04-2023 17:58:38.752,282,SENT,7E000F17010013A2004208FCCDFFFE0244429A
05-04-2023 17:58:38.893,283,RECV,7E001097010013A2004208FCCDFFFE4442003AE2
05-04-2023 17:58:39.254,284,SENT,7E000F17010013A2004208FCCDFFFE0244429A
05-04-2023 17:58:39.378,285,RECV,7E001097010013A2004208FCCDFFFE4442003BE1
05-04-2023 17:58:39.767,286,SENT,7E000F17010013A2004208FCCDFFFE0244429A
05-04-2023 17:58:39.938,287,RECV,7E001097010013A2004208FCCDFFFE4442003AE2
05-04-2023 17:58:40.279,288,SENT,7E000F17010013A2004208FCCDFFFE0244429A
05-04-2023 17:58:40.435,289,RECV,7E001097010013A2004208FCCDFFFE4442003AE2
05-04-2023 17:58:40.781,290,SENT,7E000F17010013A2004208FCCDFFFE0244429A
05-04-2023 17:58:40.937,291,RECV,7E001097010013A2004208FCCDFFFE44420039E3
05-04-2023 17:58:41.298,292,SENT,7E000F17010013A2004208FCCDFFFE0244429A
05-04-2023 17:58:41.438,293,RECV,7E001097010013A2004208FCCDFFFE4442003AE2
05-04-2023 17:58:41.813,294,SENT,7E000F17010013A2004208FCCDFFFE0244429A
05-04-2023 17:58:41.937,295,RECV,7E001097010013A2004208FCCDFFFE44420039E3
05-04-2023 17:58:42.316,296,SENT,7E000F17010013A2004208FCCDFFFE0244429A
05-04-2023 17:58:42.500,297,RECV,7E001097010013A2004208FCCDFFFE4442003AE2
05-04-2023 17:58:42.829,298,SENT,7E000F17010013A2004208FCCDFFFE0244429A
05-04-2023 17:58:43.001,299,RECV,7E001097010013A2004208FCCDFFFE4442003AE2
05-04-2023 17:58:43.331,300,SENT,7E000F17010013A2004208FCCDFFFE0244429A
05-04-2023 17:58:43.504,301,RECV,7E001097010013A2004208FCCDFFFE4442003AE2
05-04-2023 17:58:43.833,302,SENT,7E000F17010013A2004208FCCDFFFE0244429A
05-04-2023 17:58:44.004,303,RECV,7E001097010013A2004208FCCDFFFE4442003BE1
05-04-2023 17:58:44.334,304,SENT,7E000F17010013A2004208FCCDFFFE0244429A
05-04-2023 17:58:44.506,305,RECV,7E001097010013A2004208FCCDFFFE4442003BE1
05-04-2023 17:58:44.851,306,SENT,7E000F17010013A2004208FCCDFFFE0244429A
05-04-2023 17:58:45.005,307,RECV,7E001097010013A2004208FCCDFFFE4442003BE1
05-04-2023 17:58:45.367,308,SENT,7E000F17010013A2004208FCCDFFFE0244429A
05-04-2023 17:58:45.504,309,RECV,7E001097010013A2004208FCCDFFFE4442003BE1
05-04-2023 17:58:45.880,310,SENT,7E000F17010013A2004208FCCDFFFE0244429A
05-04-2023 17:58:46.004,311,RECV,7E001097010013A2004208FCCDFFFE4442003AE2
05-04-2023 17:58:46.381,312,SENT,7E000F17010013A2004208FCCDFFFE0244429A
05-04-2023 17:58:46.520,313,RECV,7E001097010013A2004208FCCDFFFE4442003BE1
05-04-2023 17:58:46.896,314,SENT,7E000F17010013A2004208FCCDFFFE0244429A
05-04-2023 17:58:47.066,315,RECV,7E001097010013A2004208FCCDFFFE4442003BE1
05-04-2023 17:58:47.413,316,SENT,7E000F17010013A2004208FCCDFFFE0244429A
05-04-2023 17:58:47.567,317,RECV,7E001097010013A2004208FCCDFFFE4442003BE1
05-04-2023 17:58:47.928,318,SENT,7E000F17010013A2004208FCCDFFFE0244429A
05-04-2023 17:58:48.067,319,RECV,7E001097010013A2004208FCCDFFFE4442003BE1
05-04-2023 17:58:48.442,320,SENT,7E000F17010013A2004208FCCDFFFE0244429A
05-04-2023 17:58:48.581,321,RECV,7E001097010013A2004208FCCDFFFE4442003DDF
05-04-2023 17:58:48.945,322,SENT,7E000F17010013A2004208FCCDFFFE0244429A
05-04-2023 17:58:49.068,323,RECV,7E001097010013A2004208FCCDFFFE4442003BE1
05-04-2023 17:58:49.459,324,SENT,7E000F17010013A2004208FCCDFFFE0244429A
05-04-2023 17:58:49.630,325,RECV,7E001097010013A2004208FCCDFFFE4442003AE2
05-04-2023 17:58:49.975,326,SENT,7E000F17010013A2004208FCCDFFFE0244429A
05-04-2023 17:58:50.129,327,RECV,7E001097010013A2004208FCCDFFFE4442003BE1
05-04-2023 17:58:50.491,328,SENT,7E000F17010013A2004208FCCDFFFE0244429A
05-04-2023 17:58:50.630,329,RECV,7E001097010013A2004208FCCDFFFE4442003BE1
05-04-2023 17:58:51.005,330,SENT,7E000F17010013A2004208FCCDFFFE0244429A
05-04-2023 17:58:51.128,331,RECV,7E001097010013A2004208FCCDFFFE4442003AE2
05-04-2023 17:58:51.520,332,SENT,7E000F17010013A2004208FCCDFFFE0244429A
05-04-2023 17:58:51.693,333,RECV,7E001097010013A2004208FCCDFFFE4442003CE0
05-04-2023 17:58:52.037,334,SENT,7E000F17010013A2004208FCCDFFFE0244429A
05-04-2023 17:58:52.190,335,RECV,7E001097010013A2004208FCCDFFFE4442003BE1
05-04-2023 17:58:52.552,336,SENT,7E000F17010013A2004208FCCDFFFE0244429A
05-04-2023 17:58:52.689,337,RECV,7E001097010013A2004208FCCDFFFE4442003AE2
05-04-2023 17:58:53.065,338,SENT,7E000F17010013A2004208FCCDFFFE0244429A
05-04-2023 17:58:53.188,339,RECV,7E001097010013A2004208FCCDFFFE4442003AE2
05-04-2023 17:58:53.579,340,SENT,7E000F17010013A2004208FCCDFFFE0244429A
05-04-2023 17:58:53.751,341,RECV,7E001097010013A2004208FCCDFFFE4442003AE2
05-04-2023 17:58:54.095,342,SENT,7E000F17010013A2004208FCCDFFFE0244429A
05-04-2023 17:58:54.247,343,RECV,7E001097010013A2004208FCCDFFFE4442003AE2
05-04-2023 17:58:54.607,344,SENT,7E000F17010013A2004208FCCDFFFE0244429A
05-04-2023 17:58:54.746,345,RECV,7E001097010013A2004208FCCDFFFE4442003BE1
05-04-2023 17:58:55.121,346,SENT,7E000F17010013A2004208FCCDFFFE0244429A
05-04-2023 17:58:55.244,347,RECV,7E001097010013A2004208FCCDFFFE4442003AE2
05-04-2023 17:58:55.638,348,SENT,7E000F17010013A2004208FCCDFFFE0244429A
05-04-2023 17:58:55.808,349,RECV,7E001097010013A2004208FCCDFFFE4442003BE1
05-04-2023 17:58:56.152,350,SENT,7E000F17010013A2004208FCCDFFFE0244429A
05-04-2023 17:58:56.306,351,RECV,7E001097010013A2004208FCCDFFFE4442003BE1
05-04-2023 17:58:56.669,352,SENT,7E000F17010013A2004208FCCDFFFE0244429A
05-04-2023 17:58:56.809,353,RECV,7E001097010013A2004208FCCDFFFE4442003BE1
05-04-2023 17:58:57.185,354,SENT,7E000F17010013A2004208FCCDFFFE0244429A
05-04-2023 17:58:57.308,355,RECV,7E001097010013A2004208FCCDFFFE4442003BE1
05-04-2023 17:58:57.686,356,SENT,7E000F17010013A2004208FCCDFFFE0244429A
05-04-2023 17:58:57.872,357,RECV,7E001097010013A2004208FCCDFFFE4442003CE0
05-04-2023 17:58:58.200,358,SENT,7E000F17010013A2004208FCCDFFFE0244429A
05-04-2023 17:58:58.372,359,RECV,7E001097010013A2004208FCCDFFFE4442003BE1
05-04-2023 17:58:58.701,360,SENT,7E000F17010013A2004208FCCDFFFE0244429A
05-04-2023 17:58:58.875,361,RECV,7E001097010013A2004208FCCDFFFE4442003BE1
05-04-2023 17:58:59.201,362,SENT,7E000F17010013A2004208FCCDFFFE0244429A
05-04-2023 17:58:59.372,363,RECV,7E001097010013A2004208FCCDFFFE4442003BE1
05-04-2023 17:58:59.718,364,SENT,7E000F17010013A2004208FCCDFFFE0244429A
05-04-2023 17:58:59.872,365,RECV,7E001097010013A2004208FCCDFFFE4442003BE1
05-04-2023 17:59:00.218,366,SENT,7E000F17010013A2004208FCCDFFFE0244429A
05-04-2023 17:59:00.375,367,RECV,7E001097010013A2004208FCCDFFFE4442003CE0
05-04-2023 17:59:00.723,368,SENT,7E000F17010013A2004208FCCDFFFE0244429A
05-04-2023 17:59:00.878,369,RECV,7E001097010013A2004208FCCDFFFE4442003AE2
05-04-2023 17:59:01.225,370,SENT,7E000F17010013A2004208FCCDFFFE0244429A
05-04-2023 17:59:01.380,371,RECV,7E001097010013A2004208FCCDFFFE4442003AE2
05-04-2023 17:59:01.729,372,SENT,7E000F17010013A2004208FCCDFFFE0244429A
05-04-2023 17:59:01.882,373,RECV,7E001097010013A2004208FCCDFFFE4442003BE1
05-04-2023 17:59:02.242,374,SENT,7E000F17010013A2004208FCCDFFFE0244429A
05-04-2023 17:59:02.380,375,RECV,7E001097010013A2004208FCCDFFFE4442003BE1
05-04-2023 17:59:02.755,376,SENT,7E000F17010013A2004208FCCDFFFE0244429A
05-04-2023 17:59:02.879,377,RECV,7E001097010013A2004208FCCDFFFE4442003BE1
05-04-2023 17:59:03.268,378,SENT,7E000F17010013A2004208FCCDFFFE0244429A
05-04-2023 17:59:03.438,379,RECV,7E001097010013A2004208FCCDFFFE4442003CE0
05-04-2023 17:59:03.783,380,SENT,7E000F17010013A2004208FCCDFFFE0244429A
05-04-2023 17:59:03.938,381,RECV,7E001097010013A2004208FCCDFFFE4442003CE0
05-04-2023 17:59:04.286,382,SENT,7E000F17010013A2004208FCCDFFFE0244429A
05-04-2023 17:59:04.441,383,RECV,7E001097010013A2004208FCCDFFFE4442003AE2
05-04-2023 17:59:04.799,384,SENT,7E000F17010013A2004208FCCDFFFE0244429A
05-04-2023 17:59:04.937,385,RECV,7E001097010013A2004208FCCDFFFE4442003BE1
05-04-2023 17:59:05.314,386,SENT,7E000F17010013A2004208FCCDFFFE0244429A
05-04-2023 17:59:05.453,387,RECV,7E001097010013A2004208FCCDFFFE4442003BE1
05-04-2023 17:59:05.816,388,SENT,7E000F17010013A2004208FCCDFFFE0244429A
05-04-2023 17:59:05.939,389,RECV,7E001097010013A2004208FCCDFFFE4442003BE1
05-04-2023 17:59:06.332,390,SENT,7E000F17010013A2004208FCCDFFFE0244429A
05-04-2023 17:59:06.503,391,RECV,7E001097010013A2004208FCCDFFFE4442003BE1
05-04-2023 17:59:06.832,392,SENT,7E000F17010013A2004208FCCDFFFE0244429A
05-04-2023 17:59:07.004,393,RECV,7E001097010013A2004208FCCDFFFE4442003BE1
05-04-2023 17:59:07.349,394,SENT,7E000F17010013A2004208FCCDFFFE0244429A
05-04-2023 17:59:07.504,395,RECV,7E001097010013A2004208FCCDFFFE44420039E3
05-04-2023 17:59:07.851,396,SENT,7E000F17010013A2004208FCCDFFFE0244429A
05-04-2023 17:59:08.006,397,RECV,7E001097010013A2004208FCCDFFFE4442003AE2
05-04-2023 17:59:08.365,398,SENT,7E000F17010013A2004208FCCDFFFE0244429A
05-04-2023 17:59:08.505,399,RECV,7E001097010013A2004208FCCDFFFE4442003BE1
05-04-2023 17:59:08.881,400,SENT,7E000F17010013A2004208FCCDFFFE0244429A
05-04-2023 17:59:09.005,401,RECV,7E001097010013A2004208FCCDFFFE4442003BE1
05-04-2023 17:59:09.398,402,SENT,7E000F17010013A2004208FCCDFFFE0244429A
05-04-2023 17:59:09.568,403,RECV,7E001097010013A2004208FCCDFFFE4442003BE1
05-04-2023 17:59:09.914,404,SENT,7E000F17010013A2004208FCCDFFFE0244429A
05-04-2023 17:59:10.068,405,RECV,7E001097010013A2004208FCCDFFFE4442003BE1
05-04-2023 17:59:10.427,406,SENT,7E000F17010013A2004208FCCDFFFE0244429A
05-04-2023 17:59:10.568,407,RECV,7E001097010013A2004208FCCDFFFE4442003CE0
05-04-2023 17:59:10.930,408,SENT,7E000F17010013A2004208FCCDFFFE0244429A
05-04-2023 17:59:11.069,409,RECV,7E001097010013A2004208FCCDFFFE4442003AE2
05-04-2023 17:59:11.444,410,SENT,7E000F17010013A2004208FCCDFFFE0244429A
05-04-2023 17:59:11.585,411,RECV,7E001097010013A2004208FCCDFFFE4442003AE2
05-04-2023 17:59:11.960,412,SENT,7E000F17010013A2004208FCCDFFFE0244429A
05-04-2023 17:59:12.131,413,RECV,7E001097010013A2004208FCCDFFFE4442003AE2
05-04-2023 17:59:12.461,414,SENT,7E000F17010013A2004208FCCDFFFE0244429A
05-04-2023 17:59:12.632,415,RECV,7E001097010013A2004208FCCDFFFE44420039E3
05-04-2023 17:59:12.962,416,SENT,7E000F17010013A2004208FCCDFFFE0244429A
05-04-2023 17:59:13.132,417,RECV,7E001097010013A2004208FCCDFFFE4442003AE2
05-04-2023 17:59:13.462,418,SENT,7E000F17010013A2004208FCCDFFFE0244429A
05-04-2023 17:59:13.632,419,RECV,7E001097010013A2004208FCCDFFFE4442003AE2
