05-04-2023 17:17:24.323,-,API,"XBEE_LOCAL ,0013A2004208FCCA,XBee SX 868,A00B,COM9 - 38400/8/N/2/N,13,69"

05-04-2023 17:20:55.614,0,SENT,7E000F17010013A2004208FCCDFFFE0244429A
05-04-2023 17:20:55.750,1,RECV,7E001097010013A2004208FCCDFFFE4442002DEF
05-04-2023 17:20:56.124,2,SENT,7E000F17010013A2004208FCCDFFFE0244429A
05-04-2023 17:20:56.248,3,RECV,7E001097010013A2004208FCCDFFFE4442002DEF
05-04-2023 17:20:56.627,4,SENT,7E000F17010013A2004208FCCDFFFE0244429A
05-04-2023 17:20:56.812,5,RECV,7E001097010013A2004208FCCDFFFE4442002DEF
05-04-2023 17:20:57.143,6,SENT,7E000F17010013A2004208FCCDFFFE0244429A
05-04-2023 17:20:57.312,7,RECV,7E001097010013A2004208FCCDFFFE4442002DEF
05-04-2023 17:20:57.656,8,SENT,7E000F17010013A2004208FCCDFFFE0244429A
05-04-2023 17:20:57.812,9,RECV,7E001097010013A2004208FCCDFFFE4442002EEE
05-04-2023 17:20:58.169,10,SENT,7E000F17010013A2004208FCCDFFFE0244429A
05-04-2023 17:20:58.308,11,RECV,7E001097010013A2004208FCCDFFFE4442002FED
05-04-2023 17:20:58.684,12,SENT,7E000F17010013A2004208FCCDFFFE0244429A
05-04-2023 17:20:58.823,13,RECV,7E001097010013A2004208FCCDFFFE4442002EEE
05-04-2023 17:20:59.185,14,SENT,7E000F17010013A2004208FCCDFFFE0244429A
05-04-2023 17:20:59.311,15,RECV,7E001097010013A2004208FCCDFFFE4442002DEF
05-04-2023 17:20:59.689,16,SENT,7E000F17010013A2004208FCCDFFFE0244429A
05-04-2023 17:20:59.828,17,RECV,7E001097010013A2004208FCCDFFFE4442002DEF
05-04-2023 17:21:00.191,18,SENT,7E000F17010013A2004208FCCDFFFE0244429A
05-04-2023 17:21:00.313,19,RECV,7E001097010013A2004208FCCDFFFE4442002DEF
05-04-2023 17:21:00.704,20,SENT,7E000F17010013A2004208FCCDFFFE0244429A
05-04-2023 17:21:00.875,21,RECV,7E001097010013A2004208FCCDFFFE4442002DEF
05-04-2023 17:21:01.220,22,SENT,7E000F17010013A2004208FCCDFFFE0244429A
05-04-2023 17:21:01.374,23,RECV,7E001097010013A2004208FCCDFFFE4442002DEF
05-04-2023 17:21:01.735,24,SENT,7E000F17010013A2004208FCCDFFFE0244429A
05-04-2023 17:21:01.874,25,RECV,7E001097010013A2004208FCCDFFFE4442002DEF
05-04-2023 17:21:02.251,26,SENT,7E000F17010013A2004208FCCDFFFE0244429A
05-04-2023 17:21:02.374,27,RECV,7E001097010013A2004208FCCDFFFE4442002EEE
05-04-2023 17:21:02.765,28,SENT,7E000F17010013A2004208FCCDFFFE0244429A
05-04-2023 17:21:02.937,29,RECV,7E001097010013A2004208FCCDFFFE4442002DEF
05-04-2023 17:21:03.281,30,SENT,7E000F17010013A2004208FCCDFFFE0244429A
05-04-2023 17:21:03.435,31,RECV,7E001097010013A2004208FCCDFFFE4442002EEE
05-04-2023 17:21:03.794,32,SENT,7E000F17010013A2004208FCCDFFFE0244429A
05-04-2023 17:21:03.934,33,RECV,7E001097010013A2004208FCCDFFFE4442002DEF
05-04-2023 17:21:04.308,34,SENT,7E000F17010013A2004208FCCDFFFE0244429A
05-04-2023 17:21:04.433,35,RECV,7E001097010013A2004208FCCDFFFE4442002EEE
05-04-2023 17:21:04.825,36,SENT,7E000F17010013A2004208FCCDFFFE0244429A
05-04-2023 17:21:04.997,37,RECV,7E001097010013A2004208FCCDFFFE4442002EEE
05-04-2023 17:21:05.327,38,SENT,7E000F17010013A2004208FCCDFFFE0244429A
05-04-2023 17:21:05.497,39,RECV,7E001097010013A2004208FCCDFFFE4442002EEE
05-04-2023 17:21:05.840,40,SENT,7E000F17010013A2004208FCCDFFFE0244429A
05-04-2023 17:21:05.995,41,RECV,7E001097010013A2004208FCCDFFFE4442002EEE
05-04-2023 17:21:06.341,42,SENT,7E000F17010013A2004208FCCDFFFE0244429A
05-04-2023 17:21:06.496,43,RECV,7E001097010013A2004208FCCDFFFE4442002FED
05-04-2023 17:21:06.857,44,SENT,7E000F17010013A2004208FCCDFFFE0244429A
05-04-2023 17:21:06.995,45,RECV,7E001097010013A2004208FCCDFFFE4442002EEE
05-04-2023 17:21:07.358,46,SENT,7E000F17010013A2004208FCCDFFFE0244429A
05-04-2023 17:21:07.498,47,RECV,7E001097010013A2004208FCCDFFFE4442002EEE
05-04-2023 17:21:07.875,48,SENT,7E000F17010013A2004208FCCDFFFE0244429A
05-04-2023 17:21:08.013,49,RECV,7E001097010013A2004208FCCDFFFE4442002DEF
05-04-2023 17:21:08.391,50,SENT,7E000F17010013A2004208FCCDFFFE0244429A
05-04-2023 17:21:08.561,51,RECV,7E001097010013A2004208FCCDFFFE4442002DEF
05-04-2023 17:21:08.906,52,SENT,7E000F17010013A2004208FCCDFFFE0244429A
05-04-2023 17:21:09.061,53,RECV,7E001097010013A2004208FCCDFFFE4442002DEF
05-04-2023 17:21:09.428,54,SENT,7E000F17010013A2004208FCCDFFFE0244429A
05-04-2023 17:21:09.563,55,RECV,7E001097010013A2004208FCCDFFFE4442002DEF
05-04-2023 17:21:09.926,56,SENT,7E000F17010013A2004208FCCDFFFE0244429A
05-04-2023 17:21:10.064,57,RECV,7E001097010013A2004208FCCDFFFE4442002DEF
05-04-2023 17:21:10.443,58,SENT,7E000F17010013A2004208FCCDFFFE0244429A
05-04-2023 17:21:10.567,59,RECV,7E001097010013A2004208FCCDFFFE4442002CF0
05-04-2023 17:21:10.944,60,SENT,7E000F17010013A2004208FCCDFFFE0244429A
05-04-2023 17:21:11.084,61,RECV,7E001097010013A2004208FCCDFFFE4442002DEF
05-04-2023 17:21:11.461,62,SENT,7E000F17010013A2004208FCCDFFFE0244429A
05-04-2023 17:21:11.629,63,RECV,7E001097010013A2004208FCCDFFFE4442002EEE
05-04-2023 17:21:11.974,64,SENT,7E000F17010013A2004208FCCDFFFE0244429A
05-04-2023 17:21:12.127,65,RECV,7E001097010013A2004208FCCDFFFE4442002EEE
05-04-2023 17:21:12.490,66,SENT,7E000F17010013A2004208FCCDFFFE0244429A
05-04-2023 17:21:12.628,67,RECV,7E001097010013A2004208FCCDFFFE4442002EEE
05-04-2023 17:21:12.991,68,SENT,7E000F17010013A2004208FCCDFFFE0244429A
05-04-2023 17:21:13.130,69,RECV,7E001097010013A2004208FCCDFFFE4442002EEE
05-04-2023 17:21:13.506,70,SENT,7E000F17010013A2004208FCCDFFFE0244429A
05-04-2023 17:21:13.630,71,RECV,7E001097010013A2004208FCCDFFFE4442002DEF
05-04-2023 17:21:14.008,72,SENT,7E000F17010013A2004208FCCDFFFE0244429A
05-04-2023 17:21:14.148,73,RECV,7E001097010013A2004208FCCDFFFE4442002EEE
05-04-2023 17:21:14.523,74,SENT,7E000F17010013A2004208FCCDFFFE0244429A
05-04-2023 17:21:14.693,75,RECV,7E001097010013A2004208FCCDFFFE4442002EEE
05-04-2023 17:21:15.038,76,SENT,7E000F17010013A2004208FCCDFFFE0244429A
05-04-2023 17:21:15.194,77,RECV,7E001097010013A2004208FCCDFFFE4442002FED
05-04-2023 17:21:15.540,78,SENT,7E000F17010013A2004208FCCDFFFE0244429A
05-04-2023 17:21:15.696,79,RECV,7E001097010013A2004208FCCDFFFE4442002EEE
05-04-2023 17:21:16.044,80,SENT,7E000F17010013A2004208FCCDFFFE0244429A
05-04-2023 17:21:16.200,81,RECV,7E001097010013A2004208FCCDFFFE4442002FED
05-04-2023 17:21:16.561,82,SENT,7E000F17010013A2004208FCCDFFFE0244429A
05-04-2023 17:21:16.700,83,RECV,7E001097010013A2004208FCCDFFFE4442002EEE
05-04-2023 17:21:17.077,84,SENT,7E000F17010013A2004208FCCDFFFE0244429A
05-04-2023 17:21:17.200,85,RECV,7E001097010013A2004208FCCDFFFE4442002EEE
05-04-2023 17:21:17.578,86,SENT,7E000F17010013A2004208FCCDFFFE0244429A
05-04-2023 17:21:17.701,87,RECV,7E001097010013A2004208FCCDFFFE4442002EEE
05-04-2023 17:21:18.079,88,SENT,7E000F17010013A2004208FCCDFFFE0244429A
05-04-2023 17:21:18.267,89,RECV,7E001097010013A2004208FCCDFFFE4442002DEF
05-04-2023 17:21:18.581,90,SENT,7E000F17010013A2004208FCCDFFFE0244429A
05-04-2023 17:21:18.707,91,RECV,7E001097010013A2004208FCCDFFFE4442002EEE
05-04-2023 17:21:19.085,92,SENT,7E000F17010013A2004208FCCDFFFE0244429A
05-04-2023 17:21:19.223,93,RECV,7E001097010013A2004208FCCDFFFE4442002EEE
05-04-2023 17:21:19.597,94,SENT,7E000F17010013A2004208FCCDFFFE0244429A
05-04-2023 17:21:19.769,95,RECV,7E001097010013A2004208FCCDFFFE4442002EEE
05-04-2023 17:21:20.113,96,SENT,7E000F17010013A2004208FCCDFFFE0244429A
05-04-2023 17:21:20.268,97,RECV,7E001097010013A2004208FCCDFFFE4442002EEE
05-04-2023 17:21:20.613,98,SENT,7E000F17010013A2004208FCCDFFFE0244429A
05-04-2023 17:21:20.768,99,RECV,7E001097010013A2004208FCCDFFFE4442002EEE
05-04-2023 17:21:21.127,100,SENT,7E000F17010013A2004208FCCDFFFE0244429A
05-04-2023 17:21:21.266,101,RECV,7E001097010013A2004208FCCDFFFE4442002EEE
05-04-2023 17:21:21.629,102,SENT,7E000F17010013A2004208FCCDFFFE0244429A
05-04-2023 17:21:21.767,103,RECV,7E001097010013A2004208FCCDFFFE4442002EEE
05-04-2023 17:21:22.144,104,SENT,7E000F17010013A2004208FCCDFFFE0244429A
05-04-2023 17:21:22.285,105,RECV,7E001097010013A2004208FCCDFFFE4442002EEE
05-04-2023 17:21:22.661,106,SENT,7E000F17010013A2004208FCCDFFFE0244429A
05-04-2023 17:21:22.832,107,RECV,7E001097010013A2004208FCCDFFFE4442002EEE
05-04-2023 17:21:23.164,108,SENT,7E000F17010013A2004208FCCDFFFE0244429A
05-04-2023 17:21:23.336,109,RECV,7E001097010013A2004208FCCDFFFE4442002EEE
05-04-2023 17:21:23.666,110,SENT,7E000F17010013A2004208FCCDFFFE0244429A
05-04-2023 17:21:23.834,111,RECV,7E001097010013A2004208FCCDFFFE4442002EEE
05-04-2023 17:21:24.181,112,SENT,7E000F17010013A2004208FCCDFFFE0244429A
05-04-2023 17:21:24.333,113,RECV,7E001097010013A2004208FCCDFFFE4442002EEE
05-04-2023 17:21:24.695,114,SENT,7E000F17010013A2004208FCCDFFFE0244429A
05-04-2023 17:21:24.833,115,RECV,7E001097010013A2004208FCCDFFFE4442002FED
05-04-2023 17:21:25.210,116,SENT,7E000F17010013A2004208FCCDFFFE0244429A
05-04-2023 17:21:25.349,117,RECV,7E001097010013A2004208FCCDFFFE4442002EEE
05-04-2023 17:21:25.712,118,SENT,7E000F17010013A2004208FCCDFFFE0244429A
05-04-2023 17:21:25.897,119,RECV,7E001097010013A2004208FCCDFFFE4442002DEF
05-04-2023 17:21:26.228,120,SENT,7E000F17010013A2004208FCCDFFFE0244429A
05-04-2023 17:21:26.399,121,RECV,7E001097010013A2004208FCCDFFFE4442002EEE
05-04-2023 17:21:26.730,122,SENT,7E000F17010013A2004208FCCDFFFE0244429A
05-04-2023 17:21:26.900,123,RECV,7E001097010013A2004208FCCDFFFE4442002EEE
05-04-2023 17:21:27.245,124,SENT,7E000F17010013A2004208FCCDFFFE0244429A
05-04-2023 17:21:27.399,125,RECV,7E001097010013A2004208FCCDFFFE4442002EEE
05-04-2023 17:21:27.759,126,SENT,7E000F17010013A2004208FCCDFFFE0244429A
05-04-2023 17:21:27.901,127,RECV,7E001097010013A2004208FCCDFFFE4442002EEE
05-04-2023 17:21:28.276,128,SENT,7E000F17010013A2004208FCCDFFFE0244429A
05-04-2023 17:21:28.414,129,RECV,7E001097010013A2004208FCCDFFFE4442002EEE
05-04-2023 17:21:28.790,130,SENT,7E000F17010013A2004208FCCDFFFE0244429A
05-04-2023 17:21:28.961,131,RECV,7E001097010013A2004208FCCDFFFE4442002FED
05-04-2023 17:21:29.304,132,SENT,7E000F17010013A2004208FCCDFFFE0244429A
05-04-2023 17:21:29.458,133,RECV,7E001097010013A2004208FCCDFFFE4442002FED
05-04-2023 17:21:29.819,134,SENT,7E000F17010013A2004208FCCDFFFE0244429A
05-04-2023 17:21:29.958,135,RECV,7E001097010013A2004208FCCDFFFE4442002FED
05-04-2023 17:21:30.333,136,SENT,7E000F17010013A2004208FCCDFFFE0244429A
05-04-2023 17:21:30.474,137,RECV,7E001097010013A2004208FCCDFFFE4442002EEE
05-04-2023 17:21:30.836,138,SENT,7E000F17010013A2004208FCCDFFFE0244429A
05-04-2023 17:21:31.022,139,RECV,7E001097010013A2004208FCCDFFFE4442002FED
05-04-2023 17:21:31.337,140,SENT,7E000F17010013A2004208FCCDFFFE0244429A
05-04-2023 17:21:31.463,141,RECV,7E001097010013A2004208FCCDFFFE44420030EC
05-04-2023 17:21:31.841,142,SENT,7E000F17010013A2004208FCCDFFFE0244429A
05-04-2023 17:21:31.965,143,RECV,7E001097010013A2004208FCCDFFFE4442002FED
05-04-2023 17:21:32.357,144,SENT,7E000F17010013A2004208FCCDFFFE0244429A
05-04-2023 17:21:32.528,145,RECV,7E001097010013A2004208FCCDFFFE4442002DEF
05-04-2023 17:21:32.860,146,SENT,7E000F17010013A2004208FCCDFFFE0244429A
05-04-2023 17:21:33.029,147,RECV,7E001097010013A2004208FCCDFFFE4442002FED
05-04-2023 17:21:33.373,148,SENT,7E000F17010013A2004208FCCDFFFE0244429A
05-04-2023 17:21:33.528,149,RECV,7E001097010013A2004208FCCDFFFE4442002FED
05-04-2023 17:21:33.888,150,SENT,7E000F17010013A2004208FCCDFFFE0244429A
05-04-2023 17:21:34.026,151,RECV,7E001097010013A2004208FCCDFFFE4442002FED
05-04-2023 17:21:34.401,152,SENT,7E000F17010013A2004208FCCDFFFE0244429A
05-04-2023 17:21:34.526,153,RECV,7E001097010013A2004208FCCDFFFE4442002FED
05-04-2023 17:21:34.915,154,SENT,7E000F17010013A2004208FCCDFFFE0244429A
05-04-2023 17:21:35.088,155,RECV,7E001097010013A2004208FCCDFFFE4442002FED
05-04-2023 17:21:35.418,156,SENT,7E000F17010013A2004208FCCDFFFE0244429A
05-04-2023 17:21:35.587,157,RECV,7E001097010013A2004208FCCDFFFE4442002FED
05-04-2023 17:21:35.928,158,SENT,7E000F17010013A2004208FCCDFFFE0244429A
05-04-2023 17:21:36.084,159,RECV,7E001097010013A2004208FCCDFFFE4442002FED
05-04-2023 17:21:36.432,160,SENT,7E000F17010013A2004208FCCDFFFE0244429A
05-04-2023 17:21:36.587,161,RECV,7E001097010013A2004208FCCDFFFE4442002FED
05-04-2023 17:21:36.948,162,SENT,7E000F17010013A2004208FCCDFFFE0244429A
05-04-2023 17:21:37.089,163,RECV,7E001097010013A2004208FCCDFFFE44420030EC
05-04-2023 17:21:37.450,164,SENT,7E000F17010013A2004208FCCDFFFE0244429A
05-04-2023 17:21:37.588,165,RECV,7E001097010013A2004208FCCDFFFE44420030EC
05-04-2023 17:21:37.964,166,SENT,7E000F17010013A2004208FCCDFFFE0244429A
05-04-2023 17:21:38.101,167,RECV,7E001097010013A2004208FCCDFFFE4442002FED
05-04-2023 17:21:38.476,168,SENT,7E000F17010013A2004208FCCDFFFE0244429A
05-04-2023 17:21:38.646,169,RECV,7E001097010013A2004208FCCDFFFE4442002FED
05-04-2023 17:21:38.990,170,SENT,7E000F17010013A2004208FCCDFFFE0244429A
05-04-2023 17:21:39.144,171,RECV,7E001097010013A2004208FCCDFFFE4442002FED
05-04-2023 17:21:39.493,172,SENT,7E000F17010013A2004208FCCDFFFE0244429A
05-04-2023 17:21:39.648,173,RECV,7E001097010013A2004208FCCDFFFE4442002FED
05-04-2023 17:21:40.009,174,SENT,7E000F17010013A2004208FCCDFFFE0244429A
05-04-2023 17:21:40.148,175,RECV,7E001097010013A2004208FCCDFFFE4442002EEE
05-04-2023 17:21:40.523,176,SENT,7E000F17010013A2004208FCCDFFFE0244429A
05-04-2023 17:21:40.709,177,RECV,7E001097010013A2004208FCCDFFFE4442002FED
05-04-2023 17:21:41.039,178,SENT,7E000F17010013A2004208FCCDFFFE0244429A
05-04-2023 17:21:41.211,179,RECV,7E001097010013A2004208FCCDFFFE4442002DEF
05-04-2023 17:21:41.554,180,SENT,7E000F17010013A2004208FCCDFFFE0244429A
05-04-2023 17:21:41.711,181,RECV,7E001097010013A2004208FCCDFFFE4442002FED
05-04-2023 17:21:42.055,182,SENT,7E000F17010013A2004208FCCDFFFE0244429A
05-04-2023 17:21:42.211,183,RECV,7E001097010013A2004208FCCDFFFE4442002FED
05-04-2023 17:21:42.572,184,SENT,7E000F17010013A2004208FCCDFFFE0244429A
05-04-2023 17:21:42.710,185,RECV,7E001097010013A2004208FCCDFFFE4442002EEE
05-04-2023 17:21:43.088,186,SENT,7E000F17010013A2004208FCCDFFFE0244429A
05-04-2023 17:21:43.226,187,RECV,7E001097010013A2004208FCCDFFFE4442002EEE
05-04-2023 17:21:43.588,188,SENT,7E000F17010013A2004208FCCDFFFE0244429A
05-04-2023 17:21:43.726,189,RECV,7E001097010013A2004208FCCDFFFE4442002EEE
05-04-2023 17:21:44.103,190,SENT,7E000F17010013A2004208FCCDFFFE0244429A
05-04-2023 17:21:44.274,191,RECV,7E001097010013A2004208FCCDFFFE4442002EEE
05-04-2023 17:21:44.608,192,SENT,7E000F17010013A2004208FCCDFFFE0244429A
05-04-2023 17:21:44.779,193,RECV,7E001097010013A2004208FCCDFFFE4442002EEE
05-04-2023 17:21:45.120,194,SENT,7E000F17010013A2004208FCCDFFFE0244429A
05-04-2023 17:21:45.274,195,RECV,7E001097010013A2004208FCCDFFFE4442002DEF
05-04-2023 17:21:45.635,196,SENT,7E000F17010013A2004208FCCDFFFE0244429A
05-04-2023 17:21:45.775,197,RECV,7E001097010013A2004208FCCDFFFE4442002EEE
05-04-2023 17:21:46.152,198,SENT,7E000F17010013A2004208FCCDFFFE0244429A
05-04-2023 17:21:46.289,199,RECV,7E001097010013A2004208FCCDFFFE4442002DEF
05-04-2023 17:21:46.664,200,SENT,7E000F17010013A2004208FCCDFFFE0244429A
05-04-2023 17:21:46.836,201,RECV,7E001097010013A2004208FCCDFFFE4442002EEE
05-04-2023 17:21:47.180,202,SENT,7E000F17010013A2004208FCCDFFFE0244429A
05-04-2023 17:21:47.335,203,RECV,7E001097010013A2004208FCCDFFFE4442002EEE
05-04-2023 17:21:47.694,204,SENT,7E000F17010013A2004208FCCDFFFE0244429A
05-04-2023 17:21:47.835,205,RECV,7E001097010013A2004208FCCDFFFE4442002DEF
05-04-2023 17:21:48.196,206,SENT,7E000F17010013A2004208FCCDFFFE0244429A
05-04-2023 17:21:48.335,207,RECV,7E001097010013A2004208FCCDFFFE4442002DEF
05-04-2023 17:21:48.711,208,SENT,7E000F17010013A2004208FCCDFFFE0244429A
05-04-2023 17:21:48.851,209,RECV,7E001097010013A2004208FCCDFFFE4442002DEF
05-04-2023 17:21:49.228,210,SENT,7E000F17010013A2004208FCCDFFFE0244429A
05-04-2023 17:21:49.396,211,RECV,7E001097010013A2004208FCCDFFFE4442002EEE
05-04-2023 17:21:49.743,212,SENT,7E000F17010013A2004208FCCDFFFE0244429A
05-04-2023 17:21:49.896,213,RECV,7E001097010013A2004208FCCDFFFE4442002DEF
05-04-2023 17:21:50.258,214,SENT,7E000F17010013A2004208FCCDFFFE0244429A
05-04-2023 17:21:50.396,215,RECV,7E001097010013A2004208FCCDFFFE4442002FED
05-04-2023 17:21:50.759,216,SENT,7E000F17010013A2004208FCCDFFFE0244429A
05-04-2023 17:21:50.897,217,RECV,7E001097010013A2004208FCCDFFFE4442002DEF
05-04-2023 17:21:51.275,218,SENT,7E000F17010013A2004208FCCDFFFE0244429A
05-04-2023 17:21:51.399,219,RECV,7E001097010013A2004208FCCDFFFE4442002DEF
05-04-2023 17:21:51.789,220,SENT,7E000F17010013A2004208FCCDFFFE0244429A
05-04-2023 17:21:51.962,221,RECV,7E001097010013A2004208FCCDFFFE4442002DEF
05-04-2023 17:21:52.292,222,SENT,7E000F17010013A2004208FCCDFFFE0244429A
05-04-2023 17:21:52.463,223,RECV,7E001097010013A2004208FCCDFFFE4442002CF0
05-04-2023 17:21:52.807,224,SENT,7E000F17010013A2004208FCCDFFFE0244429A
05-04-2023 17:21:52.961,225,RECV,7E001097010013A2004208FCCDFFFE4442002CF0
05-04-2023 17:21:53.322,226,SENT,7E000F17010013A2004208FCCDFFFE0244429A
05-04-2023 17:21:53.463,227,RECV,7E001097010013A2004208FCCDFFFE4442002CF0
05-04-2023 17:21:53.837,228,SENT,7E000F17010013A2004208FCCDFFFE0244429A
05-04-2023 17:21:54.022,229,RECV,7E001097010013A2004208FCCDFFFE4442002BF1
05-04-2023 17:21:54.351,230,SENT,7E000F17010013A2004208FCCDFFFE0244429A
05-04-2023 17:21:54.524,231,RECV,7E001097010013A2004208FCCDFFFE4442002CF0
05-04-2023 17:21:54.854,232,SENT,7E000F17010013A2004208FCCDFFFE0244429A
05-04-2023 17:21:55.024,233,RECV,7E001097010013A2004208FCCDFFFE4442002CF0
05-04-2023 17:21:55.369,234,SENT,7E000F17010013A2004208FCCDFFFE0244429A
05-04-2023 17:21:55.524,235,RECV,7E001097010013A2004208FCCDFFFE4442002BF1
05-04-2023 17:21:55.870,236,SENT,7E000F17010013A2004208FCCDFFFE0244429A
05-04-2023 17:21:56.025,237,RECV,7E001097010013A2004208FCCDFFFE4442002BF1
05-04-2023 17:21:56.384,238,SENT,7E000F17010013A2004208FCCDFFFE0244429A
05-04-2023 17:21:56.524,239,RECV,7E001097010013A2004208FCCDFFFE4442002CF0
05-04-2023 17:21:56.900,240,SENT,7E000F17010013A2004208FCCDFFFE0244429A
05-04-2023 17:21:57.040,241,RECV,7E001097010013A2004208FCCDFFFE4442002BF1
05-04-2023 17:21:57.403,242,SENT,7E000F17010013A2004208FCCDFFFE0244429A
05-04-2023 17:21:57.527,243,RECV,7E001097010013A2004208FCCDFFFE4442002BF1
05-04-2023 17:21:57.917,244,SENT,7E000F17010013A2004208FCCDFFFE0244429A
05-04-2023 17:21:58.088,245,RECV,7E001097010013A2004208FCCDFFFE4442002BF1
05-04-2023 17:21:58.431,246,SENT,7E000F17010013A2004208FCCDFFFE0244429A
05-04-2023 17:21:58.586,247,RECV,7E001097010013A2004208FCCDFFFE4442002CF0
05-04-2023 17:21:58.933,248,SENT,7E000F17010013A2004208FCCDFFFE0244429A
05-04-2023 17:21:59.088,249,RECV,7E001097010013A2004208FCCDFFFE4442002CF0
05-04-2023 17:21:59.449,250,SENT,7E000F17010013A2004208FCCDFFFE0244429A
05-04-2023 17:21:59.589,251,RECV,7E001097010013A2004208FCCDFFFE4442002CF0
05-04-2023 17:21:59.952,252,SENT,7E000F17010013A2004208FCCDFFFE0244429A
05-04-2023 17:22:00.089,253,RECV,7E001097010013A2004208FCCDFFFE4442002CF0
05-04-2023 17:22:00.467,254,SENT,7E000F17010013A2004208FCCDFFFE0244429A
05-04-2023 17:22:00.591,255,RECV,7E001097010013A2004208FCCDFFFE4442002CF0
05-04-2023 17:22:00.982,256,SENT,7E000F17010013A2004208FCCDFFFE0244429A
05-04-2023 17:22:01.154,257,RECV,7E001097010013A2004208FCCDFFFE4442002CF0
05-04-2023 17:22:01.484,258,SENT,7E000F17010013A2004208FCCDFFFE0244429A
05-04-2023 17:22:01.654,259,RECV,7E001097010013A2004208FCCDFFFE4442002CF0
05-04-2023 17:22:01.996,260,SENT,7E000F17010013A2004208FCCDFFFE0244429A
05-04-2023 17:22:02.153,261,RECV,7E001097010013A2004208FCCDFFFE4442002CF0
05-04-2023 17:22:02.498,262,SENT,7E000F17010013A2004208FCCDFFFE0244429A
05-04-2023 17:22:02.652,263,RECV,7E001097010013A2004208FCCDFFFE4442002CF0
05-04-2023 17:22:02.999,264,SENT,7E000F17010013A2004208FCCDFFFE0244429A
05-04-2023 17:22:03.155,265,RECV,7E001097010013A2004208FCCDFFFE4442002DEF
05-04-2023 17:22:03.501,266,SENT,7E000F17010013A2004208FCCDFFFE0244429A
05-04-2023 17:22:03.656,267,RECV,7E001097010013A2004208FCCDFFFE4442002DEF
05-04-2023 17:22:04.005,268,SENT,7E000F17010013A2004208FCCDFFFE0244429A
05-04-2023 17:22:04.157,269,RECV,7E001097010013A2004208FCCDFFFE4442002DEF
05-04-2023 17:22:04.517,270,SENT,7E000F17010013A2004208FCCDFFFE0244429A
05-04-2023 17:22:04.657,271,RECV,7E001097010013A2004208FCCDFFFE4442002CF0
05-04-2023 17:22:05.033,272,SENT,7E000F17010013A2004208FCCDFFFE0244429A
05-04-2023 17:22:05.157,273,RECV,7E001097010013A2004208FCCDFFFE4442002CF0
05-04-2023 17:22:05.548,274,SENT,7E000F17010013A2004208FCCDFFFE0244429A
05-04-2023 17:22:05.718,275,RECV,7E001097010013A2004208FCCDFFFE4442002CF0
05-04-2023 17:22:06.065,276,SENT,7E000F17010013A2004208FCCDFFFE0244429A
05-04-2023 17:22:06.220,277,RECV,7E001097010013A2004208FCCDFFFE4442002DEF
05-04-2023 17:22:06.581,278,SENT,7E000F17010013A2004208FCCDFFFE0244429A
05-04-2023 17:22:06.719,279,RECV,7E001097010013A2004208FCCDFFFE4442002DEF
05-04-2023 17:22:07.082,280,SENT,7E000F17010013A2004208FCCDFFFE0244429A
05-04-2023 17:22:07.221,281,RECV,7E001097010013A2004208FCCDFFFE4442002DEF
05-04-2023 17:22:07.583,282,SENT,7E000F17010013A2004208FCCDFFFE0244429A
05-04-2023 17:22:07.723,283,RECV,7E001097010013A2004208FCCDFFFE4442002DEF
05-04-2023 17:22:08.099,284,SENT,7E000F17010013A2004208FCCDFFFE0244429A
05-04-2023 17:22:08.222,285,RECV,7E001097010013A2004208FCCDFFFE4442002CF0
05-04-2023 17:22:08.613,286,SENT,7E000F17010013A2004208FCCDFFFE0244429A
05-04-2023 17:22:08.784,287,RECV,7E001097010013A2004208FCCDFFFE4442002EEE
05-04-2023 17:22:09.114,288,SENT,7E000F17010013A2004208FCCDFFFE0244429A
05-04-2023 17:22:09.285,289,RECV,7E001097010013A2004208FCCDFFFE4442002CF0
05-04-2023 17:22:09.614,290,SENT,7E000F17010013A2004208FCCDFFFE0244429A
05-04-2023 17:22:09.785,291,RECV,7E001097010013A2004208FCCDFFFE4442002BF1
05-04-2023 17:22:10.130,292,SENT,7E000F17010013A2004208FCCDFFFE0244429A
05-04-2023 17:22:10.285,293,RECV,7E001097010013A2004208FCCDFFFE4442002CF0
05-04-2023 17:22:10.645,294,SENT,7E000F17010013A2004208FCCDFFFE0244429A
05-04-2023 17:22:10.784,295,RECV,7E001097010013A2004208FCCDFFFE4442002DEF
05-04-2023 17:22:11.147,296,SENT,7E000F17010013A2004208FCCDFFFE0244429A
05-04-2023 17:22:11.287,297,RECV,7E001097010013A2004208FCCDFFFE4442002DEF
05-04-2023 17:22:11.662,298,SENT,7E000F17010013A2004208FCCDFFFE0244429A
05-04-2023 17:22:11.801,299,RECV,7E001097010013A2004208FCCDFFFE4442002DEF
05-04-2023 17:22:12.177,300,SENT,7E000F17010013A2004208FCCDFFFE0244429A
05-04-2023 17:22:12.347,301,RECV,7E001097010013A2004208FCCDFFFE4442002EEE
05-04-2023 17:22:12.693,302,SENT,7E000F17010013A2004208FCCDFFFE0244429A
05-04-2023 17:22:12.847,303,RECV,7E001097010013A2004208FCCDFFFE4442002DEF
05-04-2023 17:22:13.209,304,SENT,7E000F17010013A2004208FCCDFFFE0244429A
05-04-2023 17:22:13.348,305,RECV,7E001097010013A2004208FCCDFFFE4442002DEF
05-04-2023 17:22:13.712,306,SENT,7E000F17010013A2004208FCCDFFFE0244429A
05-04-2023 17:22:13.851,307,RECV,7E001097010013A2004208FCCDFFFE4442002EEE
05-04-2023 17:22:14.226,308,SENT,7E000F17010013A2004208FCCDFFFE0244429A
05-04-2023 17:22:14.352,309,RECV,7E001097010013A2004208FCCDFFFE4442002EEE
05-04-2023 17:22:14.741,310,SENT,7E000F17010013A2004208FCCDFFFE0244429A
05-04-2023 17:22:14.912,311,RECV,7E001097010013A2004208FCCDFFFE4442002DEF
05-04-2023 17:22:15.254,312,SENT,7E000F17010013A2004208FCCDFFFE0244429A
05-04-2023 17:22:15.411,313,RECV,7E001097010013A2004208FCCDFFFE4442002EEE
05-04-2023 17:22:15.756,314,SENT,7E000F17010013A2004208FCCDFFFE0244429A
05-04-2023 17:22:15.911,315,RECV,7E001097010013A2004208FCCDFFFE4442002DEF
05-04-2023 17:22:16.270,316,SENT,7E000F17010013A2004208FCCDFFFE0244429A
05-04-2023 17:22:16.409,317,RECV,7E001097010013A2004208FCCDFFFE4442002DEF
05-04-2023 17:22:16.786,318,SENT,7E000F17010013A2004208FCCDFFFE0244429A
05-04-2023 17:22:16.925,319,RECV,7E001097010013A2004208FCCDFFFE4442002DEF
05-04-2023 17:22:17.302,320,SENT,7E000F17010013A2004208FCCDFFFE0244429A
05-04-2023 17:22:17.473,321,RECV,7E001097010013A2004208FCCDFFFE4442002DEF
05-04-2023 17:22:17.804,322,SENT,7E000F17010013A2004208FCCDFFFE0244429A
05-04-2023 17:22:17.975,323,RECV,7E001097010013A2004208FCCDFFFE4442002DEF
05-04-2023 17:22:18.305,324,SENT,7E000F17010013A2004208FCCDFFFE0244429A
05-04-2023 17:22:18.476,325,RECV,7E001097010013A2004208FCCDFFFE4442002EEE
05-04-2023 17:22:18.805,326,SENT,7E000F17010013A2004208FCCDFFFE0244429A
05-04-2023 17:22:18.976,327,RECV,7E001097010013A2004208FCCDFFFE4442002DEF
05-04-2023 17:22:19.321,328,SENT,7E000F17010013A2004208FCCDFFFE0244429A
05-04-2023 17:22:19.476,329,RECV,7E001097010013A2004208FCCDFFFE4442002EEE
05-04-2023 17:22:19.837,330,SENT,7E000F17010013A2004208FCCDFFFE0244429A
05-04-2023 17:22:19.978,331,RECV,7E001097010013A2004208FCCDFFFE4442002DEF
05-04-2023 17:22:20.339,332,SENT,7E000F17010013A2004208FCCDFFFE0244429A
05-04-2023 17:22:20.478,333,RECV,7E001097010013A2004208FCCDFFFE4442002EEE
05-04-2023 17:22:20.854,334,SENT,7E000F17010013A2004208FCCDFFFE0244429A
05-04-2023 17:22:20.976,335,RECV,7E001097010013A2004208FCCDFFFE4442002EEE
05-04-2023 17:22:21.370,336,SENT,7E000F17010013A2004208FCCDFFFE0244429A
05-04-2023 17:22:21.541,337,RECV,7E001097010013A2004208FCCDFFFE4442002EEE
05-04-2023 17:22:21.884,338,SENT,7E000F17010013A2004208FCCDFFFE0244429A
05-04-2023 17:22:22.041,339,RECV,7E001097010013A2004208FCCDFFFE4442002DEF
05-04-2023 17:22:22.387,340,SENT,7E000F17010013A2004208FCCDFFFE0244429A
05-04-2023 17:22:22.542,341,RECV,7E001097010013A2004208FCCDFFFE4442002DEF
05-04-2023 17:22:22.901,342,SENT,7E000F17010013A2004208FCCDFFFE0244429A
05-04-2023 17:22:23.040,343,RECV,7E001097010013A2004208FCCDFFFE4442002FED
05-04-2023 17:22:23.416,344,SENT,7E000F17010013A2004208FCCDFFFE0244429A
05-04-2023 17:22:23.539,345,RECV,7E001097010013A2004208FCCDFFFE4442002EEE
05-04-2023 17:22:23.931,346,SENT,7E000F17010013A2004208FCCDFFFE0244429A
05-04-2023 17:22:24.103,347,RECV,7E001097010013A2004208FCCDFFFE4442002EEE
05-04-2023 17:22:24.433,348,SENT,7E000F17010013A2004208FCCDFFFE0244429A
05-04-2023 17:22:24.604,349,RECV,7E001097010013A2004208FCCDFFFE4442002EEE
05-04-2023 17:22:24.948,350,SENT,7E000F17010013A2004208FCCDFFFE0244429A
05-04-2023 17:22:25.104,351,RECV,7E001097010013A2004208FCCDFFFE4442002EEE
05-04-2023 17:22:25.465,352,SENT,7E000F17010013A2004208FCCDFFFE0244429A
05-04-2023 17:22:25.602,353,RECV,7E001097010013A2004208FCCDFFFE4442002EEE
05-04-2023 17:22:25.978,354,SENT,7E000F17010013A2004208FCCDFFFE0244429A
05-04-2023 17:22:26.100,355,RECV,7E001097010013A2004208FCCDFFFE4442002DEF
05-04-2023 17:22:26.493,356,SENT,7E000F17010013A2004208FCCDFFFE0244429A
05-04-2023 17:22:26.664,357,RECV,7E001097010013A2004208FCCDFFFE4442002DEF
05-04-2023 17:22:27.008,358,SENT,7E000F17010013A2004208FCCDFFFE0244429A
05-04-2023 17:22:27.162,359,RECV,7E001097010013A2004208FCCDFFFE4442002DEF
05-04-2023 17:22:27.521,360,SENT,7E000F17010013A2004208FCCDFFFE0244429A
05-04-2023 17:22:27.660,361,RECV,7E001097010013A2004208FCCDFFFE4442002DEF
05-04-2023 17:22:28.036,362,SENT,7E000F17010013A2004208FCCDFFFE0244429A
05-04-2023 17:22:28.159,363,RECV,7E001097010013A2004208FCCDFFFE4442002EEE
05-04-2023 17:22:28.550,364,SENT,7E000F17010013A2004208FCCDFFFE0244429A
05-04-2023 17:22:28.720,365,RECV,7E001097010013A2004208FCCDFFFE4442002EEE
05-04-2023 17:22:29.065,366,SENT,7E000F17010013A2004208FCCDFFFE0244429A
05-04-2023 17:22:29.220,367,RECV,7E001097010013A2004208FCCDFFFE4442002EEE
05-04-2023 17:22:29.568,368,SENT,7E000F17010013A2004208FCCDFFFE0244429A
05-04-2023 17:22:29.722,369,RECV,7E001097010013A2004208FCCDFFFE4442002DEF
05-04-2023 17:22:30.080,370,SENT,7E000F17010013A2004208FCCDFFFE0244429A
05-04-2023 17:22:30.220,371,RECV,7E001097010013A2004208FCCDFFFE4442002DEF
05-04-2023 17:22:30.595,372,SENT,7E000F17010013A2004208FCCDFFFE0244429A
05-04-2023 17:22:30.731,373,RECV,7E001097010013A2004208FCCDFFFE4442002DEF
05-04-2023 17:22:31.109,374,SENT,7E000F17010013A2004208FCCDFFFE0244429A
05-04-2023 17:22:31.280,375,RECV,7E001097010013A2004208FCCDFFFE4442002DEF
05-04-2023 17:22:31.624,376,SENT,7E000F17010013A2004208FCCDFFFE0244429A
05-04-2023 17:22:31.778,377,RECV,7E001097010013A2004208FCCDFFFE4442002DEF
05-04-2023 17:22:32.125,378,SENT,7E000F17010013A2004208FCCDFFFE0244429A
05-04-2023 17:22:32.279,379,RECV,7E001097010013A2004208FCCDFFFE4442002DEF
05-04-2023 17:22:32.639,380,SENT,7E000F17010013A2004208FCCDFFFE0244429A
05-04-2023 17:22:32.779,381,RECV,7E001097010013A2004208FCCDFFFE4442002DEF
05-04-2023 17:22:33.154,382,SENT,7E000F17010013A2004208FCCDFFFE0244429A
05-04-2023 17:22:33.278,383,RECV,7E001097010013A2004208FCCDFFFE4442002CF0
05-04-2023 17:22:33.670,384,SENT,7E000F17010013A2004208FCCDFFFE0244429A
05-04-2023 17:22:33.841,385,RECV,7E001097010013A2004208FCCDFFFE4442002CF0
05-04-2023 17:22:34.185,386,SENT,7E000F17010013A2004208FCCDFFFE0244429A
05-04-2023 17:22:34.342,387,RECV,7E001097010013A2004208FCCDFFFE4442002CF0
05-04-2023 17:22:34.701,388,SENT,7E000F17010013A2004208FCCDFFFE0244429A
05-04-2023 17:22:34.840,389,RECV,7E001097010013A2004208FCCDFFFE4442002CF0
05-04-2023 17:22:35.216,390,SENT,7E000F17010013A2004208FCCDFFFE0244429A
05-04-2023 17:22:35.340,391,RECV,7E001097010013A2004208FCCDFFFE4442002CF0
05-04-2023 17:22:35.732,392,SENT,7E000F17010013A2004208FCCDFFFE0244429A
05-04-2023 17:22:35.901,393,RECV,7E001097010013A2004208FCCDFFFE4442002CF0
05-04-2023 17:22:36.245,394,SENT,7E000F17010013A2004208FCCDFFFE0244429A
05-04-2023 17:22:36.402,395,RECV,7E001097010013A2004208FCCDFFFE4442002DEF
05-04-2023 17:22:36.748,396,SENT,7E000F17010013A2004208FCCDFFFE0244429A
05-04-2023 17:22:36.903,397,RECV,7E001097010013A2004208FCCDFFFE4442002CF0
05-04-2023 17:22:37.262,398,SENT,7E000F17010013A2004208FCCDFFFE0244429A
05-04-2023 17:22:37.402,399,RECV,7E001097010013A2004208FCCDFFFE4442002DEF
05-04-2023 17:22:37.766,400,SENT,7E000F17010013A2004208FCCDFFFE0244429A
05-04-2023 17:22:37.903,401,RECV,7E001097010013A2004208FCCDFFFE4442002CF0
05-04-2023 17:22:38.277,402,SENT,7E000F17010013A2004208FCCDFFFE0244429A
05-04-2023 17:22:38.402,403,RECV,7E001097010013A2004208FCCDFFFE4442002DEF
05-04-2023 17:22:38.793,404,SENT,7E000F17010013A2004208FCCDFFFE0244429A
05-04-2023 17:22:38.964,405,RECV,7E001097010013A2004208FCCDFFFE4442002EEE
05-04-2023 17:22:39.307,406,SENT,7E000F17010013A2004208FCCDFFFE0244429A
05-04-2023 17:22:39.464,407,RECV,7E001097010013A2004208FCCDFFFE4442002DEF
05-04-2023 17:22:39.822,408,SENT,7E000F17010013A2004208FCCDFFFE0244429A
05-04-2023 17:22:39.960,409,RECV,7E001097010013A2004208FCCDFFFE4442002DEF
05-04-2023 17:22:40.336,410,SENT,7E000F17010013A2004208FCCDFFFE0244429A
05-04-2023 17:22:40.461,411,RECV,7E001097010013A2004208FCCDFFFE4442002CF0
05-04-2023 17:22:40.852,412,SENT,7E000F17010013A2004208FCCDFFFE0244429A
05-04-2023 17:22:41.024,413,RECV,7E001097010013A2004208FCCDFFFE4442002DEF
05-04-2023 17:22:41.354,414,SENT,7E000F17010013A2004208FCCDFFFE0244429A
05-04-2023 17:22:41.525,415,RECV,7E001097010013A2004208FCCDFFFE4442002DEF
05-04-2023 17:22:41.856,416,SENT,7E000F17010013A2004208FCCDFFFE0244429A
05-04-2023 17:22:42.030,417,RECV,7E001097010013A2004208FCCDFFFE4442002CF0
05-04-2023 17:22:42.361,418,SENT,7E000F17010013A2004208FCCDFFFE0244429A
05-04-2023 17:22:42.533,419,RECV,7E001097010013A2004208FCCDFFFE4442002CF0
